{"/Users/rabelium/Workspace/personal/cqrs/libs/cqrs/src/cqrs.module.ts": {"path":"/Users/rabelium/Workspace/personal/cqrs/libs/cqrs/src/cqrs.module.ts","statementMap":{"0":{"start":{"line":1,"column":0},"end":{"line":1,"column":65}},"1":{"start":{"line":2,"column":0},"end":{"line":2,"column":76}},"2":{"start":{"line":4,"column":0},"end":{"line":4,"column":40}},"3":{"start":{"line":5,"column":0},"end":{"line":5,"column":45}},"4":{"start":{"line":6,"column":0},"end":{"line":6,"column":94}},"5":{"start":{"line":15,"column":0},"end":{"line":15,"column":31}},"6":{"start":{"line":22,"column":23},"end":{"line":62,"column":null}},"7":{"start":{"line":24,"column":33},"end":{"line":24,"column":77}},"8":{"start":{"line":26,"column":34},"end":{"line":31,"column":6}},"9":{"start":{"line":33,"column":32},"end":{"line":51,"column":6}},"10":{"start":{"line":36,"column":8},"end":{"line":49,"column":9}},"11":{"start":{"line":38,"column":12},"end":{"line":38,"column":61}},"12":{"start":{"line":40,"column":12},"end":{"line":40,"column":59}},"13":{"start":{"line":42,"column":12},"end":{"line":42,"column":59}},"14":{"start":{"line":44,"column":12},"end":{"line":44,"column":57}},"15":{"start":{"line":46,"column":12},"end":{"line":46,"column":61}},"16":{"start":{"line":48,"column":12},"end":{"line":48,"column":40}},"17":{"start":{"line":53,"column":4},"end":{"line":53,"column":30}},"18":{"start":{"line":55,"column":4},"end":{"line":60,"column":6}},"19":{"start":{"line":22,"column":13},"end":{"line":22,"column":23}},"20":{"start":{"line":22,"column":13},"end":{"line":62,"column":null}}},"fnMap":{"0":{"name":"(anonymous_1)","decl":{"start":{"line":23,"column":2},"end":{"line":23,"column":8}},"loc":{"start":{"line":23,"column":54},"end":{"line":61,"column":3}}},"1":{"name":"(anonymous_2)","decl":{"start":{"line":35,"column":18},"end":{"line":35,"column":21}},"loc":{"start":{"line":35,"column":23},"end":{"line":50,"column":7}}}},"branchMap":{"0":{"loc":{"start":{"line":23,"column":17},"end":{"line":23,"column":54}},"type":"default-arg","locations":[{"start":{"line":23,"column":52},"end":{"line":23,"column":54}}]},"1":{"loc":{"start":{"line":24,"column":33},"end":{"line":24,"column":77}},"type":"binary-expr","locations":[{"start":{"line":24,"column":33},"end":{"line":24,"column":56}},{"start":{"line":24,"column":60},"end":{"line":24,"column":77}}]},"2":{"loc":{"start":{"line":36,"column":8},"end":{"line":49,"column":9}},"type":"switch","locations":[{"start":{"line":37,"column":10},"end":{"line":38,"column":61}},{"start":{"line":39,"column":10},"end":{"line":40,"column":59}},{"start":{"line":41,"column":10},"end":{"line":42,"column":59}},{"start":{"line":43,"column":10},"end":{"line":44,"column":57}},{"start":{"line":45,"column":10},"end":{"line":46,"column":61}},{"start":{"line":47,"column":10},"end":{"line":48,"column":40}}]}},"s":{"0":1,"1":1,"2":1,"3":1,"4":1,"5":1,"6":1,"7":16,"8":16,"9":16,"10":10,"11":4,"12":2,"13":1,"14":1,"15":2,"16":0,"17":16,"18":16,"19":1,"20":1},"f":{"0":16,"1":10},"b":{"0":[3],"1":[16,5],"2":[4,2,1,1,2,0]}}
,"/Users/rabelium/Workspace/personal/cqrs/libs/cqrs/src/index.ts": {"path":"/Users/rabelium/Workspace/personal/cqrs/libs/cqrs/src/index.ts","statementMap":{"0":{"start":{"line":1,"column":0},"end":{"line":1,"column":30}},"1":{"start":{"line":2,"column":0},"end":{"line":2,"column":28}},"2":{"start":{"line":3,"column":0},"end":{"line":3,"column":29}},"3":{"start":{"line":4,"column":0},"end":{"line":4,"column":29}},"4":{"start":{"line":5,"column":0},"end":{"line":5,"column":24}},"5":{"start":{"line":6,"column":0},"end":{"line":6,"column":27}}},"fnMap":{},"branchMap":{},"s":{"0":0,"1":0,"2":0,"3":0,"4":0,"5":0},"f":{},"b":{}}
,"/Users/rabelium/Workspace/personal/cqrs/libs/cqrs/src/decorators/event-handler-metadata.ts": {"path":"/Users/rabelium/Workspace/personal/cqrs/libs/cqrs/src/decorators/event-handler-metadata.ts","statementMap":{"0":{"start":{"line":1,"column":13},"end":{"line":1,"column":71}}},"fnMap":{},"branchMap":{},"s":{"0":2},"f":{},"b":{}}
,"/Users/rabelium/Workspace/personal/cqrs/libs/cqrs/src/decorators/event-handler.decorator.ts": {"path":"/Users/rabelium/Workspace/personal/cqrs/libs/cqrs/src/decorators/event-handler.decorator.ts","statementMap":{"0":{"start":{"line":1,"column":0},"end":{"line":1,"column":45}},"1":{"start":{"line":2,"column":0},"end":{"line":2,"column":9}},"2":{"start":{"line":4,"column":9},"end":{"line":2,"column":66}},"3":{"start":{"line":6,"column":28},"end":{"line":7,"column":48}},"4":{"start":{"line":7,"column":2},"end":{"line":7,"column":48}},"5":{"start":{"line":6,"column":13},"end":{"line":6,"column":28}}},"fnMap":{"0":{"name":"(anonymous_0)","decl":{"start":{"line":4,"column":9},"end":{"line":4,"column":31}},"loc":{"start":{"line":4,"column":9},"end":{"line":2,"column":66}}},"1":{"name":"(anonymous_1)","decl":{"start":{"line":6,"column":28},"end":{"line":6,"column":29}},"loc":{"start":{"line":7,"column":2},"end":{"line":7,"column":48}}}},"branchMap":{},"s":{"0":2,"1":2,"2":14,"3":2,"4":0,"5":2},"f":{"0":12,"1":0},"b":{}}
,"/Users/rabelium/Workspace/personal/cqrs/libs/cqrs/src/decorators/index.ts": {"path":"/Users/rabelium/Workspace/personal/cqrs/libs/cqrs/src/decorators/index.ts","statementMap":{"0":{"start":{"line":1,"column":0},"end":{"line":1,"column":9}},"1":{"start":{"line":1,"column":9},"end":{"line":1,"column":57}}},"fnMap":{"0":{"name":"(anonymous_0)","decl":{"start":{"line":1,"column":9},"end":{"line":1,"column":21}},"loc":{"start":{"line":1,"column":9},"end":{"line":1,"column":57}}}},"branchMap":{},"s":{"0":0,"1":0},"f":{"0":0},"b":{}}
,"/Users/rabelium/Workspace/personal/cqrs/libs/cqrs/src/enums/index.ts": {"path":"/Users/rabelium/Workspace/personal/cqrs/libs/cqrs/src/enums/index.ts","statementMap":{"0":{"start":{"line":1,"column":0},"end":{"line":1,"column":38}}},"fnMap":{},"branchMap":{},"s":{"0":6},"f":{},"b":{}}
,"/Users/rabelium/Workspace/personal/cqrs/libs/cqrs/src/enums/transport-type.enum.ts": {"path":"/Users/rabelium/Workspace/personal/cqrs/libs/cqrs/src/enums/transport-type.enum.ts","statementMap":{"0":{"start":{"line":1,"column":0},"end":{"line":1,"column":null}},"1":{"start":{"line":2,"column":2},"end":{"line":2,"column":null}},"2":{"start":{"line":3,"column":2},"end":{"line":3,"column":null}},"3":{"start":{"line":4,"column":2},"end":{"line":4,"column":null}},"4":{"start":{"line":5,"column":2},"end":{"line":5,"column":null}},"5":{"start":{"line":6,"column":2},"end":{"line":6,"column":null}}},"fnMap":{"0":{"name":"(anonymous_0)","decl":{"start":{"line":1,"column":0},"end":{"line":1,"column":12}},"loc":{"start":{"line":1,"column":25},"end":{"line":7,"column":1}}}},"branchMap":{"0":{"loc":{"start":{"line":1,"column":12},"end":{"line":1,"column":null}},"type":"binary-expr","locations":[{"start":{"line":1,"column":12},"end":{"line":1,"column":25}},{"start":{"line":1,"column":25},"end":{"line":1,"column":null}}]}},"s":{"0":6,"1":6,"2":6,"3":6,"4":6,"5":6},"f":{"0":6},"b":{"0":[6,6]}}
,"/Users/rabelium/Workspace/personal/cqrs/libs/cqrs/src/event-bus/event-bus.ts": {"path":"/Users/rabelium/Workspace/personal/cqrs/libs/cqrs/src/event-bus/event-bus.ts","statementMap":{"0":{"start":{"line":1,"column":0},"end":{"line":1,"column":77}},"1":{"start":{"line":2,"column":0},"end":{"line":2,"column":36}},"2":{"start":{"line":3,"column":0},"end":{"line":3,"column":55}},"3":{"start":{"line":7,"column":7},"end":{"line":69,"column":null}},"4":{"start":{"line":8,"column":62},"end":{"line":8,"column":70}},"5":{"start":{"line":9,"column":4},"end":{"line":11,"column":5}},"6":{"start":{"line":10,"column":6},"end":{"line":10,"column":41}},"7":{"start":{"line":16,"column":4},"end":{"line":35,"column":7}},"8":{"start":{"line":16,"column":33},"end":{"line":16,"column":48}},"9":{"start":{"line":17,"column":6},"end":{"line":34,"column":7}},"10":{"start":{"line":18,"column":23},"end":{"line":18,"column":56}},"11":{"start":{"line":19,"column":8},"end":{"line":25,"column":9}},"12":{"start":{"line":20,"column":10},"end":{"line":24,"column":13}},"13":{"start":{"line":27,"column":8},"end":{"line":33,"column":9}},"14":{"start":{"line":28,"column":10},"end":{"line":32,"column":13}},"15":{"start":{"line":40,"column":4},"end":{"line":40,"column":40}},"16":{"start":{"line":45,"column":26},"end":{"line":45,"column":38}},"17":{"start":{"line":46,"column":4},"end":{"line":46,"column":55}},"18":{"start":{"line":48,"column":21},"end":{"line":55,"column":null}},"19":{"start":{"line":52,"column":12},"end":{"line":53,"column":45}},"20":{"start":{"line":58,"column":4},"end":{"line":65,"column":5}},"21":{"start":{"line":59,"column":6},"end":{"line":61,"column":7}},"22":{"start":{"line":60,"column":8},"end":{"line":60,"column":31}},"23":{"start":{"line":63,"column":27},"end":{"line":63,"column":50}},"24":{"start":{"line":64,"column":6},"end":{"line":64,"column":73}},"25":{"start":{"line":67,"column":4},"end":{"line":67,"column":33}},"26":{"start":{"line":7,"column":13},"end":{"line":7,"column":21}},"27":{"start":{"line":7,"column":13},"end":{"line":69,"column":null}}},"fnMap":{"0":{"name":"(anonymous_4)","decl":{"start":{"line":8,"column":2},"end":{"line":8,"column":15}},"loc":{"start":{"line":8,"column":84},"end":{"line":12,"column":3}}},"1":{"name":"(anonymous_5)","decl":{"start":{"line":15,"column":2},"end":{"line":15,"column":4}},"loc":{"start":{"line":15,"column":72},"end":{"line":36,"column":3}}},"2":{"name":"(anonymous_6)","decl":{"start":{"line":16,"column":28},"end":{"line":16,"column":29}},"loc":{"start":{"line":16,"column":33},"end":{"line":16,"column":48}}},"3":{"name":"(anonymous_7)","decl":{"start":{"line":16,"column":61},"end":{"line":16,"column":66}},"loc":{"start":{"line":16,"column":75},"end":{"line":35,"column":5}}},"4":{"name":"(anonymous_8)","decl":{"start":{"line":39,"column":2},"end":{"line":39,"column":6}},"loc":{"start":{"line":39,"column":40},"end":{"line":41,"column":3}}},"5":{"name":"(anonymous_9)","decl":{"start":{"line":44,"column":2},"end":{"line":44,"column":7}},"loc":{"start":{"line":44,"column":59},"end":{"line":68,"column":3}}},"6":{"name":"(anonymous_10)","decl":{"start":{"line":51,"column":10},"end":{"line":51,"column":11}},"loc":{"start":{"line":52,"column":12},"end":{"line":53,"column":45}}}},"branchMap":{"0":{"loc":{"start":{"line":9,"column":4},"end":{"line":11,"column":5}},"type":"if","locations":[{"start":{"line":9,"column":4},"end":{"line":11,"column":5}}]},"1":{"loc":{"start":{"line":19,"column":8},"end":{"line":25,"column":9}},"type":"if","locations":[{"start":{"line":19,"column":8},"end":{"line":25,"column":9}}]},"2":{"loc":{"start":{"line":27,"column":8},"end":{"line":33,"column":9}},"type":"if","locations":[{"start":{"line":27,"column":8},"end":{"line":33,"column":9}}]},"3":{"loc":{"start":{"line":52,"column":12},"end":{"line":53,"column":45}},"type":"binary-expr","locations":[{"start":{"line":52,"column":13},"end":{"line":52,"column":42}},{"start":{"line":52,"column":46},"end":{"line":52,"column":72}},{"start":{"line":53,"column":12},"end":{"line":53,"column":45}}]},"4":{"loc":{"start":{"line":58,"column":4},"end":{"line":65,"column":5}},"type":"if","locations":[{"start":{"line":58,"column":4},"end":{"line":65,"column":5}}]},"5":{"loc":{"start":{"line":59,"column":6},"end":{"line":61,"column":7}},"type":"if","locations":[{"start":{"line":59,"column":6},"end":{"line":61,"column":7}}]}},"s":{"0":3,"1":3,"2":3,"3":3,"4":26,"5":26,"6":2,"7":17,"8":31,"9":18,"10":18,"11":12,"12":7,"13":6,"14":5,"15":4,"16":11,"17":11,"18":11,"19":12,"20":10,"21":4,"22":2,"23":2,"24":2,"25":6,"26":3,"27":3},"f":{"0":26,"1":17,"2":31,"3":18,"4":4,"5":11,"6":12},"b":{"0":[2],"1":[7],"2":[5],"3":[12,5,11],"4":[4],"5":[2]}}
,"/Users/rabelium/Workspace/personal/cqrs/libs/cqrs/src/event-bus/explorer.ts": {"path":"/Users/rabelium/Workspace/personal/cqrs/libs/cqrs/src/event-bus/explorer.ts","statementMap":{"0":{"start":{"line":1,"column":0},"end":{"line":1,"column":68}},"1":{"start":{"line":2,"column":0},"end":{"line":2,"column":76}},"2":{"start":{"line":3,"column":0},"end":{"line":3,"column":29}},"3":{"start":{"line":4,"column":0},"end":{"line":4,"column":79}},"4":{"start":{"line":7,"column":7},"end":{"line":38,"column":null}},"5":{"start":{"line":9,"column":21},"end":{"line":9,"column":39}},"6":{"start":{"line":10,"column":21},"end":{"line":10,"column":38}},"7":{"start":{"line":11,"column":21},"end":{"line":11,"column":32}},"8":{"start":{"line":12,"column":21},"end":{"line":12,"column":31}},"9":{"start":{"line":16,"column":22},"end":{"line":16,"column":58}},"10":{"start":{"line":17,"column":24},"end":{"line":17,"column":62}},"11":{"start":{"line":19,"column":4},"end":{"line":36,"column":5}},"12":{"start":{"line":20,"column":37},"end":{"line":20,"column":44}},"13":{"start":{"line":21,"column":6},"end":{"line":21,"column":43}},"14":{"start":{"line":21,"column":34},"end":{"line":21,"column":43}},"15":{"start":{"line":23,"column":24},"end":{"line":23,"column":55}},"16":{"start":{"line":24,"column":22},"end":{"line":24,"column":71}},"17":{"start":{"line":26,"column":6},"end":{"line":35,"column":7}},"18":{"start":{"line":27,"column":26},"end":{"line":27,"column":47}},"19":{"start":{"line":28,"column":26},"end":{"line":28,"column":87}},"20":{"start":{"line":30,"column":8},"end":{"line":34,"column":9}},"21":{"start":{"line":31,"column":10},"end":{"line":33,"column":13}},"22":{"start":{"line":32,"column":12},"end":{"line":32,"column":59}},"23":{"start":{"line":7,"column":13},"end":{"line":7,"column":29}},"24":{"start":{"line":7,"column":13},"end":{"line":38,"column":null}}},"fnMap":{"0":{"name":"(anonymous_2)","decl":{"start":{"line":8,"column":2},"end":{"line":8,"column":null}},"loc":{"start":{"line":12,"column":39},"end":{"line":13,"column":6}}},"1":{"name":"(anonymous_3)","decl":{"start":{"line":15,"column":2},"end":{"line":15,"column":24}},"loc":{"start":{"line":15,"column":24},"end":{"line":37,"column":3}}},"2":{"name":"(anonymous_4)","decl":{"start":{"line":31,"column":38},"end":{"line":31,"column":43}},"loc":{"start":{"line":31,"column":54},"end":{"line":33,"column":11}}}},"branchMap":{"0":{"loc":{"start":{"line":21,"column":6},"end":{"line":21,"column":43}},"type":"if","locations":[{"start":{"line":21,"column":6},"end":{"line":21,"column":43}}]},"1":{"loc":{"start":{"line":21,"column":10},"end":{"line":21,"column":32}},"type":"binary-expr","locations":[{"start":{"line":21,"column":10},"end":{"line":21,"column":19}},{"start":{"line":21,"column":23},"end":{"line":21,"column":32}}]},"2":{"loc":{"start":{"line":30,"column":8},"end":{"line":34,"column":9}},"type":"if","locations":[{"start":{"line":30,"column":8},"end":{"line":34,"column":9}}]}},"s":{"0":2,"1":2,"2":2,"3":2,"4":2,"5":11,"6":11,"7":11,"8":11,"9":11,"10":11,"11":11,"12":10,"13":10,"14":2,"15":8,"16":8,"17":8,"18":11,"19":11,"20":11,"21":8,"22":4,"23":2,"24":2},"f":{"0":11,"1":11,"2":4},"b":{"0":[2],"1":[10,9],"2":[8]}}
,"/Users/rabelium/Workspace/personal/cqrs/libs/cqrs/src/event-bus/index.ts": {"path":"/Users/rabelium/Workspace/personal/cqrs/libs/cqrs/src/event-bus/index.ts","statementMap":{"0":{"start":{"line":1,"column":0},"end":{"line":1,"column":9}},"1":{"start":{"line":1,"column":9},"end":{"line":1,"column":39}},"2":{"start":{"line":2,"column":0},"end":{"line":2,"column":9}},"3":{"start":{"line":2,"column":9},"end":{"line":2,"column":46}}},"fnMap":{"0":{"name":"(anonymous_0)","decl":{"start":{"line":1,"column":9},"end":{"line":1,"column":17}},"loc":{"start":{"line":1,"column":9},"end":{"line":1,"column":39}}},"1":{"name":"(anonymous_1)","decl":{"start":{"line":2,"column":9},"end":{"line":2,"column":25}},"loc":{"start":{"line":2,"column":9},"end":{"line":2,"column":46}}}},"branchMap":{},"s":{"0":2,"1":40,"2":2,"3":38},"f":{"0":38,"1":36},"b":{}}
,"/Users/rabelium/Workspace/personal/cqrs/libs/cqrs/src/external/index.ts": {"path":"/Users/rabelium/Workspace/personal/cqrs/libs/cqrs/src/external/index.ts","statementMap":{"0":{"start":{"line":1,"column":0},"end":{"line":1,"column":34}},"1":{"start":{"line":2,"column":0},"end":{"line":2,"column":34}},"2":{"start":{"line":3,"column":0},"end":{"line":3,"column":36}},"3":{"start":{"line":4,"column":0},"end":{"line":4,"column":41}},"4":{"start":{"line":5,"column":0},"end":{"line":5,"column":39}}},"fnMap":{},"branchMap":{},"s":{"0":0,"1":0,"2":0,"3":0,"4":0},"f":{},"b":{}}
,"/Users/rabelium/Workspace/personal/cqrs/libs/cqrs/src/external/kafka.interface.ts": {"path":"/Users/rabelium/Workspace/personal/cqrs/libs/cqrs/src/external/kafka.interface.ts","statementMap":{"0":{"start":{"line":274,"column":0},"end":{"line":274,"column":null}},"1":{"start":{"line":275,"column":2},"end":{"line":275,"column":null}},"2":{"start":{"line":276,"column":2},"end":{"line":276,"column":null}},"3":{"start":{"line":277,"column":2},"end":{"line":277,"column":null}},"4":{"start":{"line":278,"column":2},"end":{"line":278,"column":null}},"5":{"start":{"line":279,"column":2},"end":{"line":279,"column":null}},"6":{"start":{"line":280,"column":2},"end":{"line":280,"column":null}},"7":{"start":{"line":281,"column":2},"end":{"line":281,"column":null}},"8":{"start":{"line":284,"column":0},"end":{"line":284,"column":null}},"9":{"start":{"line":285,"column":2},"end":{"line":285,"column":null}},"10":{"start":{"line":286,"column":2},"end":{"line":286,"column":null}},"11":{"start":{"line":287,"column":2},"end":{"line":287,"column":null}},"12":{"start":{"line":288,"column":2},"end":{"line":288,"column":null}},"13":{"start":{"line":291,"column":0},"end":{"line":291,"column":null}},"14":{"start":{"line":292,"column":2},"end":{"line":292,"column":null}},"15":{"start":{"line":293,"column":2},"end":{"line":293,"column":null}},"16":{"start":{"line":294,"column":2},"end":{"line":294,"column":null}},"17":{"start":{"line":295,"column":2},"end":{"line":295,"column":null}},"18":{"start":{"line":296,"column":2},"end":{"line":296,"column":null}},"19":{"start":{"line":297,"column":2},"end":{"line":297,"column":null}},"20":{"start":{"line":298,"column":2},"end":{"line":298,"column":null}},"21":{"start":{"line":301,"column":0},"end":{"line":301,"column":null}},"22":{"start":{"line":302,"column":2},"end":{"line":302,"column":null}},"23":{"start":{"line":303,"column":2},"end":{"line":303,"column":null}},"24":{"start":{"line":304,"column":2},"end":{"line":304,"column":null}},"25":{"start":{"line":305,"column":2},"end":{"line":305,"column":null}},"26":{"start":{"line":308,"column":0},"end":{"line":308,"column":null}},"27":{"start":{"line":309,"column":2},"end":{"line":309,"column":null}},"28":{"start":{"line":310,"column":2},"end":{"line":310,"column":null}},"29":{"start":{"line":311,"column":2},"end":{"line":311,"column":null}},"30":{"start":{"line":312,"column":2},"end":{"line":312,"column":null}},"31":{"start":{"line":313,"column":2},"end":{"line":313,"column":null}},"32":{"start":{"line":314,"column":2},"end":{"line":314,"column":null}},"33":{"start":{"line":315,"column":2},"end":{"line":315,"column":null}},"34":{"start":{"line":316,"column":2},"end":{"line":316,"column":null}},"35":{"start":{"line":317,"column":2},"end":{"line":317,"column":null}},"36":{"start":{"line":318,"column":2},"end":{"line":318,"column":null}},"37":{"start":{"line":319,"column":2},"end":{"line":319,"column":null}},"38":{"start":{"line":320,"column":2},"end":{"line":320,"column":null}},"39":{"start":{"line":321,"column":2},"end":{"line":321,"column":null}},"40":{"start":{"line":324,"column":0},"end":{"line":324,"column":null}},"41":{"start":{"line":325,"column":2},"end":{"line":325,"column":null}},"42":{"start":{"line":326,"column":2},"end":{"line":326,"column":null}},"43":{"start":{"line":327,"column":2},"end":{"line":327,"column":null}},"44":{"start":{"line":328,"column":2},"end":{"line":328,"column":null}},"45":{"start":{"line":329,"column":2},"end":{"line":329,"column":null}},"46":{"start":{"line":586,"column":0},"end":{"line":586,"column":null}},"47":{"start":{"line":587,"column":2},"end":{"line":587,"column":null}},"48":{"start":{"line":588,"column":2},"end":{"line":588,"column":null}},"49":{"start":{"line":589,"column":2},"end":{"line":589,"column":null}},"50":{"start":{"line":590,"column":2},"end":{"line":590,"column":null}},"51":{"start":{"line":591,"column":2},"end":{"line":591,"column":null}},"52":{"start":{"line":1093,"column":0},"end":{"line":1093,"column":null}},"53":{"start":{"line":1094,"column":2},"end":{"line":1094,"column":null}},"54":{"start":{"line":1095,"column":2},"end":{"line":1095,"column":null}},"55":{"start":{"line":1096,"column":2},"end":{"line":1096,"column":null}},"56":{"start":{"line":1097,"column":2},"end":{"line":1097,"column":null}},"57":{"start":{"line":1098,"column":2},"end":{"line":1098,"column":null}}},"fnMap":{"0":{"name":"(anonymous_0)","decl":{"start":{"line":274,"column":0},"end":{"line":274,"column":12}},"loc":{"start":{"line":274,"column":28},"end":{"line":282,"column":1}}},"1":{"name":"(anonymous_1)","decl":{"start":{"line":284,"column":0},"end":{"line":284,"column":12}},"loc":{"start":{"line":284,"column":31},"end":{"line":289,"column":1}}},"2":{"name":"(anonymous_2)","decl":{"start":{"line":291,"column":0},"end":{"line":291,"column":12}},"loc":{"start":{"line":291,"column":24},"end":{"line":299,"column":1}}},"3":{"name":"(anonymous_3)","decl":{"start":{"line":301,"column":0},"end":{"line":301,"column":12}},"loc":{"start":{"line":301,"column":30},"end":{"line":306,"column":1}}},"4":{"name":"(anonymous_4)","decl":{"start":{"line":308,"column":0},"end":{"line":308,"column":12}},"loc":{"start":{"line":308,"column":29},"end":{"line":322,"column":1}}},"5":{"name":"(anonymous_5)","decl":{"start":{"line":324,"column":0},"end":{"line":324,"column":12}},"loc":{"start":{"line":324,"column":32},"end":{"line":330,"column":1}}},"6":{"name":"(anonymous_6)","decl":{"start":{"line":586,"column":0},"end":{"line":586,"column":12}},"loc":{"start":{"line":586,"column":20},"end":{"line":592,"column":1}}},"7":{"name":"(anonymous_7)","decl":{"start":{"line":1093,"column":0},"end":{"line":1093,"column":12}},"loc":{"start":{"line":1093,"column":28},"end":{"line":1099,"column":1}}}},"branchMap":{"0":{"loc":{"start":{"line":274,"column":12},"end":{"line":274,"column":null}},"type":"binary-expr","locations":[{"start":{"line":274,"column":12},"end":{"line":274,"column":28}},{"start":{"line":274,"column":28},"end":{"line":274,"column":null}}]},"1":{"loc":{"start":{"line":284,"column":12},"end":{"line":284,"column":null}},"type":"binary-expr","locations":[{"start":{"line":284,"column":12},"end":{"line":284,"column":31}},{"start":{"line":284,"column":31},"end":{"line":284,"column":null}}]},"2":{"loc":{"start":{"line":291,"column":12},"end":{"line":291,"column":null}},"type":"binary-expr","locations":[{"start":{"line":291,"column":12},"end":{"line":291,"column":24}},{"start":{"line":291,"column":24},"end":{"line":291,"column":null}}]},"3":{"loc":{"start":{"line":301,"column":12},"end":{"line":301,"column":null}},"type":"binary-expr","locations":[{"start":{"line":301,"column":12},"end":{"line":301,"column":30}},{"start":{"line":301,"column":30},"end":{"line":301,"column":null}}]},"4":{"loc":{"start":{"line":308,"column":12},"end":{"line":308,"column":null}},"type":"binary-expr","locations":[{"start":{"line":308,"column":12},"end":{"line":308,"column":29}},{"start":{"line":308,"column":29},"end":{"line":308,"column":null}}]},"5":{"loc":{"start":{"line":324,"column":12},"end":{"line":324,"column":null}},"type":"binary-expr","locations":[{"start":{"line":324,"column":12},"end":{"line":324,"column":32}},{"start":{"line":324,"column":32},"end":{"line":324,"column":null}}]},"6":{"loc":{"start":{"line":586,"column":12},"end":{"line":586,"column":null}},"type":"binary-expr","locations":[{"start":{"line":586,"column":12},"end":{"line":586,"column":20}},{"start":{"line":586,"column":20},"end":{"line":586,"column":null}}]},"7":{"loc":{"start":{"line":1093,"column":12},"end":{"line":1093,"column":null}},"type":"binary-expr","locations":[{"start":{"line":1093,"column":12},"end":{"line":1093,"column":28}},{"start":{"line":1093,"column":28},"end":{"line":1093,"column":null}}]}},"s":{"0":0,"1":0,"2":0,"3":0,"4":0,"5":0,"6":0,"7":0,"8":0,"9":0,"10":0,"11":0,"12":0,"13":0,"14":0,"15":0,"16":0,"17":0,"18":0,"19":0,"20":0,"21":0,"22":0,"23":0,"24":0,"25":0,"26":0,"27":0,"28":0,"29":0,"30":0,"31":0,"32":0,"33":0,"34":0,"35":0,"36":0,"37":0,"38":0,"39":0,"40":0,"41":0,"42":0,"43":0,"44":0,"45":0,"46":0,"47":0,"48":0,"49":0,"50":0,"51":0,"52":0,"53":0,"54":0,"55":0,"56":0,"57":0},"f":{"0":0,"1":0,"2":0,"3":0,"4":0,"5":0,"6":0,"7":0},"b":{"0":[0,0],"1":[0,0],"2":[0,0],"3":[0,0],"4":[0,0],"5":[0,0],"6":[0,0],"7":[0,0]}}
,"/Users/rabelium/Workspace/personal/cqrs/libs/cqrs/src/interfaces/index.ts": {"path":"/Users/rabelium/Workspace/personal/cqrs/libs/cqrs/src/interfaces/index.ts","statementMap":{"0":{"start":{"line":1,"column":0},"end":{"line":1,"column":41}},"1":{"start":{"line":2,"column":0},"end":{"line":2,"column":34}},"2":{"start":{"line":3,"column":0},"end":{"line":3,"column":42}},"3":{"start":{"line":4,"column":0},"end":{"line":4,"column":41}},"4":{"start":{"line":5,"column":0},"end":{"line":5,"column":41}},"5":{"start":{"line":6,"column":0},"end":{"line":6,"column":40}},"6":{"start":{"line":7,"column":0},"end":{"line":7,"column":42}},"7":{"start":{"line":8,"column":0},"end":{"line":8,"column":45}},"8":{"start":{"line":9,"column":0},"end":{"line":9,"column":38}}},"fnMap":{},"branchMap":{},"s":{"0":0,"1":0,"2":0,"3":0,"4":0,"5":0,"6":0,"7":0,"8":0},"f":{},"b":{}}
,"/Users/rabelium/Workspace/personal/cqrs/libs/cqrs/src/subjects/index.ts": {"path":"/Users/rabelium/Workspace/personal/cqrs/libs/cqrs/src/subjects/index.ts","statementMap":{"0":{"start":{"line":1,"column":0},"end":{"line":1,"column":32}},"1":{"start":{"line":2,"column":0},"end":{"line":2,"column":31}},"2":{"start":{"line":3,"column":0},"end":{"line":3,"column":31}},"3":{"start":{"line":4,"column":0},"end":{"line":4,"column":30}},"4":{"start":{"line":5,"column":0},"end":{"line":5,"column":32}}},"fnMap":{},"branchMap":{},"s":{"0":0,"1":0,"2":0,"3":0,"4":0},"f":{},"b":{}}
,"/Users/rabelium/Workspace/personal/cqrs/libs/cqrs/src/subjects/kafka.subject.ts": {"path":"/Users/rabelium/Workspace/personal/cqrs/libs/cqrs/src/subjects/kafka.subject.ts","statementMap":{"0":{"start":{"line":1,"column":0},"end":{"line":1,"column":40}},"1":{"start":{"line":2,"column":0},"end":{"line":2,"column":31}},"2":{"start":{"line":8,"column":0},"end":{"line":12,"column":1}},"3":{"start":{"line":9,"column":2},"end":{"line":9,"column":31}},"4":{"start":{"line":13,"column":25},"end":{"line":14,"column":null}},"5":{"start":{"line":28,"column":4},"end":{"line":28,"column":12}},"6":{"start":{"line":27,"column":31},"end":{"line":27,"column":52}},"7":{"start":{"line":18,"column":19},"end":{"line":18,"column":58}},"8":{"start":{"line":19,"column":10},"end":{"line":19,"column":44}},"9":{"start":{"line":20,"column":10},"end":{"line":20,"column":43}},"10":{"start":{"line":21,"column":10},"end":{"line":21,"column":43}},"11":{"start":{"line":22,"column":10},"end":{"line":22,"column":31}},"12":{"start":{"line":30,"column":4},"end":{"line":32,"column":5}},"13":{"start":{"line":31,"column":6},"end":{"line":31,"column":29}},"14":{"start":{"line":34,"column":4},"end":{"line":34,"column":36}},"15":{"start":{"line":35,"column":4},"end":{"line":35,"column":80}},"16":{"start":{"line":37,"column":4},"end":{"line":37,"column":52}},"17":{"start":{"line":41,"column":4},"end":{"line":91,"column":5}},"18":{"start":{"line":42,"column":6},"end":{"line":44,"column":7}},"19":{"start":{"line":43,"column":8},"end":{"line":43,"column":31}},"20":{"start":{"line":46,"column":6},"end":{"line":50,"column":9}},"21":{"start":{"line":52,"column":6},"end":{"line":54,"column":7}},"22":{"start":{"line":53,"column":8},"end":{"line":53,"column":57}},"23":{"start":{"line":56,"column":6},"end":{"line":58,"column":9}},"24":{"start":{"line":60,"column":6},"end":{"line":65,"column":7}},"25":{"start":{"line":61,"column":8},"end":{"line":64,"column":11}},"26":{"start":{"line":67,"column":6},"end":{"line":67,"column":36}},"27":{"start":{"line":69,"column":6},"end":{"line":84,"column":7}},"28":{"start":{"line":70,"column":8},"end":{"line":70,"column":38}},"29":{"start":{"line":71,"column":8},"end":{"line":75,"column":11}},"30":{"start":{"line":77,"column":8},"end":{"line":83,"column":11}},"31":{"start":{"line":80,"column":12},"end":{"line":80,"column":57}},"32":{"start":{"line":86,"column":6},"end":{"line":86,"column":31}},"33":{"start":{"line":88,"column":6},"end":{"line":88,"column":70}},"34":{"start":{"line":89,"column":6},"end":{"line":89,"column":25}},"35":{"start":{"line":90,"column":6},"end":{"line":90,"column":18}},"36":{"start":{"line":95,"column":4},"end":{"line":107,"column":5}},"37":{"start":{"line":96,"column":6},"end":{"line":98,"column":7}},"38":{"start":{"line":97,"column":8},"end":{"line":97,"column":15}},"39":{"start":{"line":100,"column":25},"end":{"line":100,"column":49}},"40":{"start":{"line":101,"column":27},"end":{"line":101,"column":49}},"41":{"start":{"line":103,"column":6},"end":{"line":103,"column":24}},"42":{"start":{"line":105,"column":6},"end":{"line":105,"column":65}},"43":{"start":{"line":106,"column":6},"end":{"line":106,"column":72}},"44":{"start":{"line":111,"column":4},"end":{"line":121,"column":5}},"45":{"start":{"line":112,"column":6},"end":{"line":118,"column":11}},"46":{"start":{"line":114,"column":10},"end":{"line":114,"column":39}},"47":{"start":{"line":117,"column":10},"end":{"line":117,"column":29}},"48":{"start":{"line":120,"column":6},"end":{"line":120,"column":35}},"49":{"start":{"line":125,"column":4},"end":{"line":149,"column":5}},"50":{"start":{"line":126,"column":6},"end":{"line":128,"column":7}},"51":{"start":{"line":127,"column":8},"end":{"line":127,"column":52}},"52":{"start":{"line":130,"column":27},"end":{"line":130,"column":48}},"53":{"start":{"line":132,"column":6},"end":{"line":145,"column":9}},"54":{"start":{"line":147,"column":6},"end":{"line":147,"column":70}},"55":{"start":{"line":148,"column":6},"end":{"line":148,"column":69}},"56":{"start":{"line":153,"column":31},"end":{"line":156,"column":6}},"57":{"start":{"line":158,"column":4},"end":{"line":160,"column":5}},"58":{"start":{"line":159,"column":6},"end":{"line":159,"column":41}},"59":{"start":{"line":162,"column":4},"end":{"line":162,"column":21}},"60":{"start":{"line":166,"column":4},"end":{"line":168,"column":7}},"61":{"start":{"line":167,"column":6},"end":{"line":167,"column":23}},"62":{"start":{"line":172,"column":4},"end":{"line":181,"column":5}},"63":{"start":{"line":173,"column":6},"end":{"line":175,"column":7}},"64":{"start":{"line":174,"column":8},"end":{"line":174,"column":41}},"65":{"start":{"line":176,"column":6},"end":{"line":178,"column":7}},"66":{"start":{"line":177,"column":8},"end":{"line":177,"column":41}},"67":{"start":{"line":180,"column":6},"end":{"line":180,"column":66}},"68":{"start":{"line":185,"column":4},"end":{"line":185,"column":38}},"69":{"start":{"line":189,"column":4},"end":{"line":189,"column":29}},"70":{"start":{"line":193,"column":4},"end":{"line":193,"column":27}},"71":{"start":{"line":197,"column":4},"end":{"line":199,"column":5}},"72":{"start":{"line":198,"column":6},"end":{"line":198,"column":44}},"73":{"start":{"line":203,"column":4},"end":{"line":205,"column":5}},"74":{"start":{"line":204,"column":6},"end":{"line":204,"column":56}},"75":{"start":{"line":209,"column":4},"end":{"line":211,"column":5}},"76":{"start":{"line":210,"column":6},"end":{"line":210,"column":57}},"77":{"start":{"line":17,"column":0},"end":{"line":17,"column":13}}},"fnMap":{"0":{"name":"(anonymous_0)","decl":{"start":{"line":27,"column":2},"end":{"line":27,"column":31}},"loc":{"start":{"line":27,"column":52},"end":{"line":38,"column":3}}},"1":{"name":"(anonymous_1)","decl":{"start":{"line":40,"column":10},"end":{"line":40,"column":15}},"loc":{"start":{"line":40,"column":26},"end":{"line":92,"column":3}}},"2":{"name":"(anonymous_2)","decl":{"start":{"line":79,"column":23},"end":{"line":79,"column":28}},"loc":{"start":{"line":79,"column":45},"end":{"line":81,"column":11}}},"3":{"name":"(anonymous_3)","decl":{"start":{"line":94,"column":10},"end":{"line":94,"column":15}},"loc":{"start":{"line":94,"column":62},"end":{"line":108,"column":3}}},"4":{"name":"(anonymous_4)","decl":{"start":{"line":110,"column":2},"end":{"line":110,"column":6}},"loc":{"start":{"line":110,"column":19},"end":{"line":122,"column":3}}},"5":{"name":"(anonymous_5)","decl":{"start":{"line":113,"column":14},"end":{"line":113,"column":17}},"loc":{"start":{"line":113,"column":19},"end":{"line":115,"column":9}}},"6":{"name":"(anonymous_6)","decl":{"start":{"line":116,"column":15},"end":{"line":116,"column":20}},"loc":{"start":{"line":116,"column":23},"end":{"line":118,"column":9}}},"7":{"name":"(anonymous_7)","decl":{"start":{"line":124,"column":10},"end":{"line":124,"column":15}},"loc":{"start":{"line":124,"column":45},"end":{"line":150,"column":3}}},"8":{"name":"(anonymous_8)","decl":{"start":{"line":152,"column":2},"end":{"line":152,"column":7}},"loc":{"start":{"line":152,"column":18},"end":{"line":163,"column":3}}},"9":{"name":"(anonymous_9)","decl":{"start":{"line":165,"column":2},"end":{"line":165,"column":10}},"loc":{"start":{"line":165,"column":10},"end":{"line":169,"column":3}}},"10":{"name":"(anonymous_10)","decl":{"start":{"line":166,"column":30},"end":{"line":166,"column":33}},"loc":{"start":{"line":166,"column":35},"end":{"line":168,"column":5}}},"11":{"name":"(anonymous_11)","decl":{"start":{"line":171,"column":10},"end":{"line":171,"column":15}},"loc":{"start":{"line":171,"column":26},"end":{"line":182,"column":3}}},"12":{"name":"(anonymous_12)","decl":{"start":{"line":184,"column":2},"end":{"line":184,"column":7}},"loc":{"start":{"line":184,"column":27},"end":{"line":186,"column":3}}},"13":{"name":"(anonymous_13)","decl":{"start":{"line":188,"column":2},"end":{"line":188,"column":6}},"loc":{"start":{"line":188,"column":15},"end":{"line":190,"column":3}}},"14":{"name":"(anonymous_14)","decl":{"start":{"line":192,"column":2},"end":{"line":192,"column":6}},"loc":{"start":{"line":192,"column":11},"end":{"line":194,"column":3}}},"15":{"name":"(anonymous_15)","decl":{"start":{"line":196,"column":2},"end":{"line":196,"column":7}},"loc":{"start":{"line":196,"column":22},"end":{"line":200,"column":3}}},"16":{"name":"(anonymous_16)","decl":{"start":{"line":202,"column":2},"end":{"line":202,"column":7}},"loc":{"start":{"line":202,"column":7},"end":{"line":206,"column":3}}},"17":{"name":"(anonymous_17)","decl":{"start":{"line":208,"column":2},"end":{"line":208,"column":8}},"loc":{"start":{"line":208,"column":8},"end":{"line":212,"column":3}}}},"branchMap":{"0":{"loc":{"start":{"line":30,"column":4},"end":{"line":32,"column":5}},"type":"if","locations":[{"start":{"line":30,"column":4},"end":{"line":32,"column":5}}]},"1":{"loc":{"start":{"line":35,"column":29},"end":{"line":35,"column":79}},"type":"binary-expr","locations":[{"start":{"line":35,"column":29},"end":{"line":35,"column":54}},{"start":{"line":35,"column":58},"end":{"line":35,"column":79}}]},"2":{"loc":{"start":{"line":42,"column":6},"end":{"line":44,"column":7}},"type":"if","locations":[{"start":{"line":42,"column":6},"end":{"line":44,"column":7}}]},"3":{"loc":{"start":{"line":47,"column":18},"end":{"line":47,"column":70}},"type":"binary-expr","locations":[{"start":{"line":47,"column":18},"end":{"line":47,"column":47}},{"start":{"line":47,"column":51},"end":{"line":47,"column":70}}]},"4":{"loc":{"start":{"line":48,"column":17},"end":{"line":48,"column":67}},"type":"binary-expr","locations":[{"start":{"line":48,"column":17},"end":{"line":48,"column":45}},{"start":{"line":48,"column":49},"end":{"line":48,"column":67}}]},"5":{"loc":{"start":{"line":52,"column":6},"end":{"line":54,"column":7}},"type":"if","locations":[{"start":{"line":52,"column":6},"end":{"line":54,"column":7}}]},"6":{"loc":{"start":{"line":60,"column":6},"end":{"line":65,"column":7}},"type":"if","locations":[{"start":{"line":60,"column":6},"end":{"line":65,"column":7}}]},"7":{"loc":{"start":{"line":69,"column":6},"end":{"line":84,"column":7}},"type":"if","locations":[{"start":{"line":69,"column":6},"end":{"line":84,"column":7}}]},"8":{"loc":{"start":{"line":73,"column":25},"end":{"line":73,"column":71}},"type":"binary-expr","locations":[{"start":{"line":73,"column":25},"end":{"line":73,"column":62}},{"start":{"line":73,"column":66},"end":{"line":73,"column":71}}]},"9":{"loc":{"start":{"line":96,"column":6},"end":{"line":98,"column":7}},"type":"if","locations":[{"start":{"line":96,"column":6},"end":{"line":98,"column":7}}]},"10":{"loc":{"start":{"line":111,"column":4},"end":{"line":121,"column":5}},"type":"if","locations":[{"start":{"line":111,"column":4},"end":{"line":121,"column":5}},{"start":{"line":119,"column":11},"end":{"line":121,"column":5}}]},"11":{"loc":{"start":{"line":126,"column":6},"end":{"line":128,"column":7}},"type":"if","locations":[{"start":{"line":126,"column":6},"end":{"line":128,"column":7}}]},"12":{"loc":{"start":{"line":136,"column":17},"end":{"line":136,"column":50}},"type":"binary-expr","locations":[{"start":{"line":136,"column":17},"end":{"line":136,"column":36}},{"start":{"line":136,"column":40},"end":{"line":136,"column":50}}]},"13":{"loc":{"start":{"line":140,"column":32},"end":{"line":140,"column":57}},"type":"binary-expr","locations":[{"start":{"line":140,"column":32},"end":{"line":140,"column":51}},{"start":{"line":140,"column":55},"end":{"line":140,"column":57}}]},"14":{"loc":{"start":{"line":155,"column":15},"end":{"line":155,"column":55}},"type":"cond-expr","locations":[{"start":{"line":155,"column":38},"end":{"line":155,"column":49}},{"start":{"line":155,"column":52},"end":{"line":155,"column":55}}]},"15":{"loc":{"start":{"line":158,"column":4},"end":{"line":160,"column":5}},"type":"if","locations":[{"start":{"line":158,"column":4},"end":{"line":160,"column":5}}]},"16":{"loc":{"start":{"line":173,"column":6},"end":{"line":175,"column":7}},"type":"if","locations":[{"start":{"line":173,"column":6},"end":{"line":175,"column":7}}]},"17":{"loc":{"start":{"line":176,"column":6},"end":{"line":178,"column":7}},"type":"if","locations":[{"start":{"line":176,"column":6},"end":{"line":178,"column":7}}]},"18":{"loc":{"start":{"line":197,"column":4},"end":{"line":199,"column":5}},"type":"if","locations":[{"start":{"line":197,"column":4},"end":{"line":199,"column":5}}]},"19":{"loc":{"start":{"line":203,"column":4},"end":{"line":205,"column":5}},"type":"if","locations":[{"start":{"line":203,"column":4},"end":{"line":205,"column":5}}]},"20":{"loc":{"start":{"line":209,"column":4},"end":{"line":211,"column":5}},"type":"if","locations":[{"start":{"line":209,"column":4},"end":{"line":211,"column":5}}]}},"s":{"0":1,"1":1,"2":1,"3":1,"4":1,"5":1,"6":1,"7":1,"8":1,"9":1,"10":1,"11":1,"12":1,"13":1,"14":0,"15":0,"16":0,"17":0,"18":0,"19":0,"20":0,"21":0,"22":0,"23":0,"24":0,"25":0,"26":0,"27":0,"28":0,"29":0,"30":0,"31":0,"32":0,"33":0,"34":0,"35":0,"36":0,"37":0,"38":0,"39":0,"40":0,"41":0,"42":0,"43":0,"44":0,"45":0,"46":0,"47":0,"48":0,"49":0,"50":0,"51":0,"52":0,"53":0,"54":0,"55":0,"56":0,"57":0,"58":0,"59":0,"60":0,"61":0,"62":0,"63":0,"64":0,"65":0,"66":0,"67":0,"68":0,"69":0,"70":0,"71":0,"72":0,"73":0,"74":0,"75":0,"76":0,"77":1},"f":{"0":1,"1":0,"2":0,"3":0,"4":0,"5":0,"6":0,"7":0,"8":0,"9":0,"10":0,"11":0,"12":0,"13":0,"14":0,"15":0,"16":0,"17":0},"b":{"0":[1],"1":[0,0],"2":[0],"3":[0,0],"4":[0,0],"5":[0],"6":[0],"7":[0],"8":[0,0],"9":[0],"10":[0,0],"11":[0],"12":[0,0],"13":[0,0],"14":[0,0],"15":[0],"16":[0],"17":[0],"18":[0],"19":[0],"20":[0]}}
,"/Users/rabelium/Workspace/personal/cqrs/libs/cqrs/src/subjects/mqtt.subject.ts": {"path":"/Users/rabelium/Workspace/personal/cqrs/libs/cqrs/src/subjects/mqtt.subject.ts","statementMap":{"0":{"start":{"line":1,"column":0},"end":{"line":1,"column":40}},"1":{"start":{"line":2,"column":0},"end":{"line":2,"column":31}},"2":{"start":{"line":9,"column":0},"end":{"line":13,"column":1}},"3":{"start":{"line":10,"column":2},"end":{"line":10,"column":25}},"4":{"start":{"line":14,"column":25},"end":{"line":15,"column":null}},"5":{"start":{"line":26,"column":4},"end":{"line":26,"column":12}},"6":{"start":{"line":25,"column":31},"end":{"line":25,"column":51}},"7":{"start":{"line":19,"column":19},"end":{"line":19,"column":57}},"8":{"start":{"line":20,"column":10},"end":{"line":20,"column":52}},"9":{"start":{"line":21,"column":10},"end":{"line":21,"column":31}},"10":{"start":{"line":23,"column":19},"end":{"line":23,"column":46}},"11":{"start":{"line":28,"column":4},"end":{"line":30,"column":5}},"12":{"start":{"line":29,"column":6},"end":{"line":29,"column":29}},"13":{"start":{"line":32,"column":4},"end":{"line":32,"column":52}},"14":{"start":{"line":36,"column":4},"end":{"line":138,"column":5}},"15":{"start":{"line":37,"column":6},"end":{"line":39,"column":7}},"16":{"start":{"line":38,"column":8},"end":{"line":38,"column":97}},"17":{"start":{"line":41,"column":18},"end":{"line":41,"column":61}},"18":{"start":{"line":44,"column":54},"end":{"line":73,"column":30}},"19":{"start":{"line":76,"column":6},"end":{"line":80,"column":9}},"20":{"start":{"line":77,"column":8},"end":{"line":79,"column":9}},"21":{"start":{"line":78,"column":10},"end":{"line":78,"column":70}},"22":{"start":{"line":82,"column":6},"end":{"line":82,"column":64}},"23":{"start":{"line":84,"column":6},"end":{"line":106,"column":9}},"24":{"start":{"line":85,"column":8},"end":{"line":85,"column":33}},"25":{"start":{"line":87,"column":8},"end":{"line":89,"column":9}},"26":{"start":{"line":88,"column":10},"end":{"line":88,"column":33}},"27":{"start":{"line":90,"column":8},"end":{"line":105,"column":10}},"28":{"start":{"line":100,"column":12},"end":{"line":103,"column":13}},"29":{"start":{"line":101,"column":14},"end":{"line":101,"column":77}},"30":{"start":{"line":102,"column":14},"end":{"line":102,"column":33}},"31":{"start":{"line":108,"column":6},"end":{"line":119,"column":9}},"32":{"start":{"line":109,"column":8},"end":{"line":118,"column":9}},"33":{"start":{"line":110,"column":10},"end":{"line":117,"column":11}},"34":{"start":{"line":111,"column":33},"end":{"line":111,"column":63}},"35":{"start":{"line":113,"column":12},"end":{"line":113,"column":30}},"36":{"start":{"line":115,"column":12},"end":{"line":115,"column":70}},"37":{"start":{"line":116,"column":12},"end":{"line":116,"column":77}},"38":{"start":{"line":121,"column":6},"end":{"line":124,"column":9}},"39":{"start":{"line":122,"column":8},"end":{"line":122,"column":59}},"40":{"start":{"line":123,"column":8},"end":{"line":123,"column":27}},"41":{"start":{"line":126,"column":6},"end":{"line":128,"column":9}},"42":{"start":{"line":127,"column":8},"end":{"line":127,"column":34}},"43":{"start":{"line":130,"column":6},"end":{"line":133,"column":9}},"44":{"start":{"line":131,"column":8},"end":{"line":131,"column":34}},"45":{"start":{"line":132,"column":8},"end":{"line":132,"column":50}},"46":{"start":{"line":135,"column":6},"end":{"line":135,"column":69}},"47":{"start":{"line":136,"column":6},"end":{"line":136,"column":25}},"48":{"start":{"line":137,"column":6},"end":{"line":137,"column":18}},"49":{"start":{"line":142,"column":4},"end":{"line":152,"column":5}},"50":{"start":{"line":143,"column":6},"end":{"line":149,"column":11}},"51":{"start":{"line":145,"column":10},"end":{"line":145,"column":36}},"52":{"start":{"line":148,"column":10},"end":{"line":148,"column":29}},"53":{"start":{"line":151,"column":6},"end":{"line":151,"column":32}},"54":{"start":{"line":156,"column":4},"end":{"line":177,"column":5}},"55":{"start":{"line":157,"column":22},"end":{"line":157,"column":43}},"56":{"start":{"line":158,"column":30},"end":{"line":163,"column":8}},"57":{"start":{"line":164,"column":6},"end":{"line":166,"column":7}},"58":{"start":{"line":165,"column":8},"end":{"line":165,"column":31}},"59":{"start":{"line":168,"column":6},"end":{"line":173,"column":9}},"60":{"start":{"line":169,"column":8},"end":{"line":172,"column":9}},"61":{"start":{"line":170,"column":10},"end":{"line":170,"column":73}},"62":{"start":{"line":171,"column":10},"end":{"line":171,"column":72}},"63":{"start":{"line":175,"column":6},"end":{"line":175,"column":69}},"64":{"start":{"line":176,"column":6},"end":{"line":176,"column":68}},"65":{"start":{"line":181,"column":31},"end":{"line":184,"column":6}},"66":{"start":{"line":186,"column":4},"end":{"line":188,"column":5}},"67":{"start":{"line":187,"column":6},"end":{"line":187,"column":38}},"68":{"start":{"line":190,"column":4},"end":{"line":190,"column":21}},"69":{"start":{"line":194,"column":4},"end":{"line":196,"column":5}},"70":{"start":{"line":195,"column":6},"end":{"line":195,"column":29}},"71":{"start":{"line":197,"column":4},"end":{"line":197,"column":21}},"72":{"start":{"line":201,"column":4},"end":{"line":201,"column":38}},"73":{"start":{"line":203,"column":4},"end":{"line":225,"column":7}},"74":{"start":{"line":204,"column":6},"end":{"line":207,"column":7}},"75":{"start":{"line":205,"column":8},"end":{"line":205,"column":18}},"76":{"start":{"line":206,"column":8},"end":{"line":206,"column":15}},"77":{"start":{"line":209,"column":22},"end":{"line":211,"column":46}},"78":{"start":{"line":210,"column":8},"end":{"line":210,"column":53}},"79":{"start":{"line":212,"column":6},"end":{"line":214,"column":7}},"80":{"start":{"line":213,"column":8},"end":{"line":213,"column":31}},"81":{"start":{"line":216,"column":6},"end":{"line":219,"column":9}},"82":{"start":{"line":217,"column":8},"end":{"line":217,"column":30}},"83":{"start":{"line":218,"column":8},"end":{"line":218,"column":18}},"84":{"start":{"line":221,"column":6},"end":{"line":224,"column":9}},"85":{"start":{"line":222,"column":8},"end":{"line":222,"column":30}},"86":{"start":{"line":223,"column":8},"end":{"line":223,"column":22}},"87":{"start":{"line":229,"column":4},"end":{"line":229,"column":69}},"88":{"start":{"line":233,"column":4},"end":{"line":233,"column":28}},"89":{"start":{"line":237,"column":4},"end":{"line":250,"column":7}},"90":{"start":{"line":238,"column":6},"end":{"line":241,"column":7}},"91":{"start":{"line":239,"column":8},"end":{"line":239,"column":57}},"92":{"start":{"line":240,"column":8},"end":{"line":240,"column":15}},"93":{"start":{"line":243,"column":6},"end":{"line":249,"column":9}},"94":{"start":{"line":244,"column":8},"end":{"line":248,"column":9}},"95":{"start":{"line":245,"column":10},"end":{"line":245,"column":24}},"96":{"start":{"line":247,"column":10},"end":{"line":247,"column":20}},"97":{"start":{"line":254,"column":4},"end":{"line":267,"column":7}},"98":{"start":{"line":255,"column":6},"end":{"line":258,"column":7}},"99":{"start":{"line":256,"column":8},"end":{"line":256,"column":57}},"100":{"start":{"line":257,"column":8},"end":{"line":257,"column":15}},"101":{"start":{"line":260,"column":6},"end":{"line":266,"column":9}},"102":{"start":{"line":261,"column":8},"end":{"line":265,"column":9}},"103":{"start":{"line":262,"column":10},"end":{"line":262,"column":24}},"104":{"start":{"line":264,"column":10},"end":{"line":264,"column":20}},"105":{"start":{"line":275,"column":4},"end":{"line":288,"column":7}},"106":{"start":{"line":276,"column":6},"end":{"line":279,"column":7}},"107":{"start":{"line":277,"column":8},"end":{"line":277,"column":57}},"108":{"start":{"line":278,"column":8},"end":{"line":278,"column":15}},"109":{"start":{"line":281,"column":6},"end":{"line":287,"column":9}},"110":{"start":{"line":282,"column":8},"end":{"line":286,"column":9}},"111":{"start":{"line":283,"column":10},"end":{"line":283,"column":24}},"112":{"start":{"line":285,"column":10},"end":{"line":285,"column":20}},"113":{"start":{"line":18,"column":0},"end":{"line":18,"column":13}}},"fnMap":{"0":{"name":"(anonymous_0)","decl":{"start":{"line":25,"column":2},"end":{"line":25,"column":31}},"loc":{"start":{"line":25,"column":51},"end":{"line":33,"column":3}}},"1":{"name":"(anonymous_1)","decl":{"start":{"line":35,"column":10},"end":{"line":35,"column":15}},"loc":{"start":{"line":35,"column":26},"end":{"line":139,"column":3}}},"2":{"name":"(anonymous_2)","decl":{"start":{"line":76,"column":47},"end":{"line":76,"column":48}},"loc":{"start":{"line":76,"column":63},"end":{"line":80,"column":7}}},"3":{"name":"(anonymous_3)","decl":{"start":{"line":84,"column":37},"end":{"line":84,"column":40}},"loc":{"start":{"line":84,"column":42},"end":{"line":106,"column":7}}},"4":{"name":"(anonymous_4)","decl":{"start":{"line":99,"column":10},"end":{"line":99,"column":11}},"loc":{"start":{"line":99,"column":34},"end":{"line":104,"column":11}}},"5":{"name":"(anonymous_5)","decl":{"start":{"line":108,"column":37},"end":{"line":108,"column":38}},"loc":{"start":{"line":108,"column":72},"end":{"line":119,"column":7}}},"6":{"name":"(anonymous_6)","decl":{"start":{"line":121,"column":35},"end":{"line":121,"column":36}},"loc":{"start":{"line":121,"column":52},"end":{"line":124,"column":7}}},"7":{"name":"(anonymous_7)","decl":{"start":{"line":126,"column":35},"end":{"line":126,"column":38}},"loc":{"start":{"line":126,"column":40},"end":{"line":128,"column":7}}},"8":{"name":"(anonymous_8)","decl":{"start":{"line":130,"column":37},"end":{"line":130,"column":40}},"loc":{"start":{"line":130,"column":42},"end":{"line":133,"column":7}}},"9":{"name":"(anonymous_9)","decl":{"start":{"line":141,"column":2},"end":{"line":141,"column":6}},"loc":{"start":{"line":141,"column":19},"end":{"line":153,"column":3}}},"10":{"name":"(anonymous_10)","decl":{"start":{"line":144,"column":14},"end":{"line":144,"column":17}},"loc":{"start":{"line":144,"column":19},"end":{"line":146,"column":9}}},"11":{"name":"(anonymous_11)","decl":{"start":{"line":147,"column":15},"end":{"line":147,"column":20}},"loc":{"start":{"line":147,"column":23},"end":{"line":149,"column":9}}},"12":{"name":"(anonymous_12)","decl":{"start":{"line":155,"column":10},"end":{"line":155,"column":23}},"loc":{"start":{"line":155,"column":36},"end":{"line":178,"column":3}}},"13":{"name":"(anonymous_13)","decl":{"start":{"line":168,"column":74},"end":{"line":168,"column":75}},"loc":{"start":{"line":168,"column":92},"end":{"line":173,"column":7}}},"14":{"name":"(anonymous_14)","decl":{"start":{"line":180,"column":2},"end":{"line":180,"column":7}},"loc":{"start":{"line":180,"column":18},"end":{"line":191,"column":3}}},"15":{"name":"(anonymous_15)","decl":{"start":{"line":193,"column":2},"end":{"line":193,"column":10}},"loc":{"start":{"line":193,"column":10},"end":{"line":198,"column":3}}},"16":{"name":"(anonymous_16)","decl":{"start":{"line":200,"column":2},"end":{"line":200,"column":7}},"loc":{"start":{"line":200,"column":25},"end":{"line":226,"column":3}}},"17":{"name":"(anonymous_17)","decl":{"start":{"line":203,"column":23},"end":{"line":203,"column":24}},"loc":{"start":{"line":203,"column":43},"end":{"line":225,"column":5}}},"18":{"name":"(anonymous_18)","decl":{"start":{"line":209,"column":33},"end":{"line":209,"column":36}},"loc":{"start":{"line":209,"column":38},"end":{"line":211,"column":7}}},"19":{"name":"(anonymous_19)","decl":{"start":{"line":216,"column":39},"end":{"line":216,"column":42}},"loc":{"start":{"line":216,"column":44},"end":{"line":219,"column":7}}},"20":{"name":"(anonymous_20)","decl":{"start":{"line":221,"column":37},"end":{"line":221,"column":38}},"loc":{"start":{"line":221,"column":54},"end":{"line":224,"column":7}}},"21":{"name":"(anonymous_21)","decl":{"start":{"line":228,"column":2},"end":{"line":228,"column":6}},"loc":{"start":{"line":228,"column":15},"end":{"line":230,"column":3}}},"22":{"name":"(anonymous_22)","decl":{"start":{"line":232,"column":2},"end":{"line":232,"column":6}},"loc":{"start":{"line":232,"column":12},"end":{"line":234,"column":3}}},"23":{"name":"(anonymous_23)","decl":{"start":{"line":236,"column":2},"end":{"line":236,"column":18}},"loc":{"start":{"line":236,"column":62},"end":{"line":251,"column":3}}},"24":{"name":"(anonymous_24)","decl":{"start":{"line":237,"column":23},"end":{"line":237,"column":24}},"loc":{"start":{"line":237,"column":43},"end":{"line":250,"column":5}}},"25":{"name":"(anonymous_25)","decl":{"start":{"line":243,"column":63},"end":{"line":243,"column":64}},"loc":{"start":{"line":243,"column":87},"end":{"line":249,"column":7}}},"26":{"name":"(anonymous_26)","decl":{"start":{"line":253,"column":2},"end":{"line":253,"column":22}},"loc":{"start":{"line":253,"column":36},"end":{"line":268,"column":3}}},"27":{"name":"(anonymous_27)","decl":{"start":{"line":254,"column":23},"end":{"line":254,"column":24}},"loc":{"start":{"line":254,"column":43},"end":{"line":267,"column":5}}},"28":{"name":"(anonymous_28)","decl":{"start":{"line":260,"column":42},"end":{"line":260,"column":43}},"loc":{"start":{"line":260,"column":60},"end":{"line":266,"column":7}}},"29":{"name":"(anonymous_29)","decl":{"start":{"line":270,"column":2},"end":{"line":270,"column":16}},"loc":{"start":{"line":273,"column":32},"end":{"line":289,"column":3}}},"30":{"name":"(anonymous_30)","decl":{"start":{"line":275,"column":23},"end":{"line":275,"column":24}},"loc":{"start":{"line":275,"column":43},"end":{"line":288,"column":5}}},"31":{"name":"(anonymous_31)","decl":{"start":{"line":281,"column":70},"end":{"line":281,"column":71}},"loc":{"start":{"line":281,"column":88},"end":{"line":287,"column":7}}}},"branchMap":{"0":{"loc":{"start":{"line":28,"column":4},"end":{"line":30,"column":5}},"type":"if","locations":[{"start":{"line":28,"column":4},"end":{"line":30,"column":5}}]},"1":{"loc":{"start":{"line":37,"column":6},"end":{"line":39,"column":7}},"type":"if","locations":[{"start":{"line":37,"column":6},"end":{"line":39,"column":7}}]},"2":{"loc":{"start":{"line":41,"column":18},"end":{"line":41,"column":61}},"type":"binary-expr","locations":[{"start":{"line":41,"column":18},"end":{"line":41,"column":34}},{"start":{"line":41,"column":38},"end":{"line":41,"column":61}}]},"3":{"loc":{"start":{"line":77,"column":8},"end":{"line":79,"column":9}},"type":"if","locations":[{"start":{"line":77,"column":8},"end":{"line":79,"column":9}}]},"4":{"loc":{"start":{"line":87,"column":8},"end":{"line":89,"column":9}},"type":"if","locations":[{"start":{"line":87,"column":8},"end":{"line":89,"column":9}}]},"5":{"loc":{"start":{"line":93,"column":17},"end":{"line":93,"column":56}},"type":"binary-expr","locations":[{"start":{"line":93,"column":17},"end":{"line":93,"column":51}},{"start":{"line":93,"column":55},"end":{"line":93,"column":56}}]},"6":{"loc":{"start":{"line":100,"column":12},"end":{"line":103,"column":13}},"type":"if","locations":[{"start":{"line":100,"column":12},"end":{"line":103,"column":13}}]},"7":{"loc":{"start":{"line":109,"column":8},"end":{"line":118,"column":9}},"type":"if","locations":[{"start":{"line":109,"column":8},"end":{"line":118,"column":9}}]},"8":{"loc":{"start":{"line":142,"column":4},"end":{"line":152,"column":5}},"type":"if","locations":[{"start":{"line":142,"column":4},"end":{"line":152,"column":5}},{"start":{"line":150,"column":11},"end":{"line":152,"column":5}}]},"9":{"loc":{"start":{"line":164,"column":6},"end":{"line":166,"column":7}},"type":"if","locations":[{"start":{"line":164,"column":6},"end":{"line":166,"column":7}}]},"10":{"loc":{"start":{"line":169,"column":8},"end":{"line":172,"column":9}},"type":"if","locations":[{"start":{"line":169,"column":8},"end":{"line":172,"column":9}}]},"11":{"loc":{"start":{"line":183,"column":15},"end":{"line":183,"column":55}},"type":"cond-expr","locations":[{"start":{"line":183,"column":38},"end":{"line":183,"column":49}},{"start":{"line":183,"column":52},"end":{"line":183,"column":55}}]},"12":{"loc":{"start":{"line":186,"column":4},"end":{"line":188,"column":5}},"type":"if","locations":[{"start":{"line":186,"column":4},"end":{"line":188,"column":5}}]},"13":{"loc":{"start":{"line":194,"column":4},"end":{"line":196,"column":5}},"type":"if","locations":[{"start":{"line":194,"column":4},"end":{"line":196,"column":5}}]},"14":{"loc":{"start":{"line":204,"column":6},"end":{"line":207,"column":7}},"type":"if","locations":[{"start":{"line":204,"column":6},"end":{"line":207,"column":7}}]},"15":{"loc":{"start":{"line":211,"column":9},"end":{"line":211,"column":45}},"type":"binary-expr","locations":[{"start":{"line":211,"column":9},"end":{"line":211,"column":36}},{"start":{"line":211,"column":40},"end":{"line":211,"column":45}}]},"16":{"loc":{"start":{"line":212,"column":6},"end":{"line":214,"column":7}},"type":"if","locations":[{"start":{"line":212,"column":6},"end":{"line":214,"column":7}}]},"17":{"loc":{"start":{"line":229,"column":19},"end":{"line":229,"column":67}},"type":"binary-expr","locations":[{"start":{"line":229,"column":19},"end":{"line":229,"column":36}},{"start":{"line":229,"column":40},"end":{"line":229,"column":67}}]},"18":{"loc":{"start":{"line":238,"column":6},"end":{"line":241,"column":7}},"type":"if","locations":[{"start":{"line":238,"column":6},"end":{"line":241,"column":7}}]},"19":{"loc":{"start":{"line":243,"column":40},"end":{"line":243,"column":61}},"type":"binary-expr","locations":[{"start":{"line":243,"column":40},"end":{"line":243,"column":47}},{"start":{"line":243,"column":51},"end":{"line":243,"column":61}}]},"20":{"loc":{"start":{"line":244,"column":8},"end":{"line":248,"column":9}},"type":"if","locations":[{"start":{"line":244,"column":8},"end":{"line":248,"column":9}},{"start":{"line":246,"column":15},"end":{"line":248,"column":9}}]},"21":{"loc":{"start":{"line":255,"column":6},"end":{"line":258,"column":7}},"type":"if","locations":[{"start":{"line":255,"column":6},"end":{"line":258,"column":7}}]},"22":{"loc":{"start":{"line":261,"column":8},"end":{"line":265,"column":9}},"type":"if","locations":[{"start":{"line":261,"column":8},"end":{"line":265,"column":9}},{"start":{"line":263,"column":15},"end":{"line":265,"column":9}}]},"23":{"loc":{"start":{"line":276,"column":6},"end":{"line":279,"column":7}},"type":"if","locations":[{"start":{"line":276,"column":6},"end":{"line":279,"column":7}}]},"24":{"loc":{"start":{"line":281,"column":47},"end":{"line":281,"column":68}},"type":"binary-expr","locations":[{"start":{"line":281,"column":47},"end":{"line":281,"column":54}},{"start":{"line":281,"column":58},"end":{"line":281,"column":68}}]},"25":{"loc":{"start":{"line":282,"column":8},"end":{"line":286,"column":9}},"type":"if","locations":[{"start":{"line":282,"column":8},"end":{"line":286,"column":9}},{"start":{"line":284,"column":15},"end":{"line":286,"column":9}}]}},"s":{"0":1,"1":1,"2":1,"3":1,"4":1,"5":1,"6":1,"7":1,"8":1,"9":1,"10":1,"11":1,"12":1,"13":0,"14":0,"15":0,"16":0,"17":0,"18":0,"19":0,"20":0,"21":0,"22":0,"23":0,"24":0,"25":0,"26":0,"27":0,"28":0,"29":0,"30":0,"31":0,"32":0,"33":0,"34":0,"35":0,"36":0,"37":0,"38":0,"39":0,"40":0,"41":0,"42":0,"43":0,"44":0,"45":0,"46":0,"47":0,"48":0,"49":0,"50":0,"51":0,"52":0,"53":0,"54":0,"55":0,"56":0,"57":0,"58":0,"59":0,"60":0,"61":0,"62":0,"63":0,"64":0,"65":0,"66":0,"67":0,"68":0,"69":0,"70":0,"71":0,"72":0,"73":0,"74":0,"75":0,"76":0,"77":0,"78":0,"79":0,"80":0,"81":0,"82":0,"83":0,"84":0,"85":0,"86":0,"87":0,"88":0,"89":0,"90":0,"91":0,"92":0,"93":0,"94":0,"95":0,"96":0,"97":0,"98":0,"99":0,"100":0,"101":0,"102":0,"103":0,"104":0,"105":0,"106":0,"107":0,"108":0,"109":0,"110":0,"111":0,"112":0,"113":1},"f":{"0":1,"1":0,"2":0,"3":0,"4":0,"5":0,"6":0,"7":0,"8":0,"9":0,"10":0,"11":0,"12":0,"13":0,"14":0,"15":0,"16":0,"17":0,"18":0,"19":0,"20":0,"21":0,"22":0,"23":0,"24":0,"25":0,"26":0,"27":0,"28":0,"29":0,"30":0,"31":0},"b":{"0":[1],"1":[0],"2":[0,0],"3":[0],"4":[0],"5":[0,0],"6":[0],"7":[0],"8":[0,0],"9":[0],"10":[0],"11":[0,0],"12":[0],"13":[0],"14":[0],"15":[0,0],"16":[0],"17":[0,0],"18":[0],"19":[0,0],"20":[0,0],"21":[0],"22":[0,0],"23":[0],"24":[0,0],"25":[0,0]}}
,"/Users/rabelium/Workspace/personal/cqrs/libs/cqrs/src/subjects/nats.subject.ts": {"path":"/Users/rabelium/Workspace/personal/cqrs/libs/cqrs/src/subjects/nats.subject.ts","statementMap":{"0":{"start":{"line":1,"column":0},"end":{"line":1,"column":40}},"1":{"start":{"line":2,"column":0},"end":{"line":2,"column":31}},"2":{"start":{"line":14,"column":0},"end":{"line":18,"column":1}},"3":{"start":{"line":15,"column":2},"end":{"line":15,"column":25}},"4":{"start":{"line":19,"column":25},"end":{"line":20,"column":null}},"5":{"start":{"line":33,"column":4},"end":{"line":33,"column":12}},"6":{"start":{"line":32,"column":31},"end":{"line":32,"column":51}},"7":{"start":{"line":24,"column":19},"end":{"line":24,"column":57}},"8":{"start":{"line":25,"column":10},"end":{"line":25,"column":60}},"9":{"start":{"line":26,"column":10},"end":{"line":26,"column":64}},"10":{"start":{"line":27,"column":10},"end":{"line":27,"column":31}},"11":{"start":{"line":29,"column":19},"end":{"line":29,"column":48}},"12":{"start":{"line":35,"column":4},"end":{"line":37,"column":5}},"13":{"start":{"line":36,"column":6},"end":{"line":36,"column":29}},"14":{"start":{"line":39,"column":4},"end":{"line":47,"column":6}},"15":{"start":{"line":41,"column":8},"end":{"line":41,"column":63}},"16":{"start":{"line":44,"column":28},"end":{"line":44,"column":58}},"17":{"start":{"line":45,"column":8},"end":{"line":45,"column":39}},"18":{"start":{"line":49,"column":4},"end":{"line":49,"column":52}},"19":{"start":{"line":53,"column":4},"end":{"line":87,"column":5}},"20":{"start":{"line":54,"column":58},"end":{"line":69,"column":8}},"21":{"start":{"line":71,"column":6},"end":{"line":73,"column":7}},"22":{"start":{"line":72,"column":8},"end":{"line":72,"column":31}},"23":{"start":{"line":74,"column":6},"end":{"line":74,"column":61}},"24":{"start":{"line":76,"column":6},"end":{"line":78,"column":9}},"25":{"start":{"line":80,"column":6},"end":{"line":80,"column":37}},"26":{"start":{"line":82,"column":6},"end":{"line":82,"column":31}},"27":{"start":{"line":84,"column":6},"end":{"line":84,"column":69}},"28":{"start":{"line":85,"column":6},"end":{"line":85,"column":25}},"29":{"start":{"line":86,"column":6},"end":{"line":86,"column":18}},"30":{"start":{"line":91,"column":4},"end":{"line":108,"column":5}},"31":{"start":{"line":92,"column":6},"end":{"line":94,"column":7}},"32":{"start":{"line":93,"column":8},"end":{"line":93,"column":31}},"33":{"start":{"line":95,"column":6},"end":{"line":104,"column":7}},"34":{"start":{"line":96,"column":8},"end":{"line":103,"column":9}},"35":{"start":{"line":97,"column":24},"end":{"line":97,"column":55}},"36":{"start":{"line":99,"column":10},"end":{"line":99,"column":28}},"37":{"start":{"line":101,"column":10},"end":{"line":101,"column":68}},"38":{"start":{"line":102,"column":10},"end":{"line":102,"column":75}},"39":{"start":{"line":106,"column":6},"end":{"line":106,"column":66}},"40":{"start":{"line":107,"column":6},"end":{"line":107,"column":25}},"41":{"start":{"line":112,"column":4},"end":{"line":122,"column":5}},"42":{"start":{"line":113,"column":6},"end":{"line":119,"column":11}},"43":{"start":{"line":115,"column":10},"end":{"line":115,"column":36}},"44":{"start":{"line":118,"column":10},"end":{"line":118,"column":29}},"45":{"start":{"line":121,"column":6},"end":{"line":121,"column":32}},"46":{"start":{"line":126,"column":4},"end":{"line":137,"column":5}},"47":{"start":{"line":127,"column":27},"end":{"line":127,"column":51}},"48":{"start":{"line":128,"column":6},"end":{"line":130,"column":7}},"49":{"start":{"line":129,"column":8},"end":{"line":129,"column":31}},"50":{"start":{"line":131,"column":6},"end":{"line":133,"column":9}},"51":{"start":{"line":135,"column":6},"end":{"line":135,"column":69}},"52":{"start":{"line":136,"column":6},"end":{"line":136,"column":68}},"53":{"start":{"line":141,"column":31},"end":{"line":144,"column":6}},"54":{"start":{"line":146,"column":4},"end":{"line":148,"column":5}},"55":{"start":{"line":147,"column":6},"end":{"line":147,"column":38}},"56":{"start":{"line":150,"column":4},"end":{"line":150,"column":21}},"57":{"start":{"line":154,"column":4},"end":{"line":156,"column":5}},"58":{"start":{"line":155,"column":6},"end":{"line":155,"column":43}},"59":{"start":{"line":157,"column":4},"end":{"line":159,"column":5}},"60":{"start":{"line":158,"column":6},"end":{"line":158,"column":35}},"61":{"start":{"line":160,"column":4},"end":{"line":160,"column":21}},"62":{"start":{"line":164,"column":4},"end":{"line":164,"column":38}},"63":{"start":{"line":168,"column":4},"end":{"line":168,"column":29}},"64":{"start":{"line":172,"column":4},"end":{"line":172,"column":38}},"65":{"start":{"line":176,"column":4},"end":{"line":178,"column":5}},"66":{"start":{"line":177,"column":6},"end":{"line":177,"column":41}},"67":{"start":{"line":23,"column":0},"end":{"line":23,"column":13}}},"fnMap":{"0":{"name":"(anonymous_0)","decl":{"start":{"line":32,"column":2},"end":{"line":32,"column":31}},"loc":{"start":{"line":32,"column":51},"end":{"line":50,"column":3}}},"1":{"name":"(anonymous_1)","decl":{"start":{"line":40,"column":14},"end":{"line":40,"column":15}},"loc":{"start":{"line":40,"column":43},"end":{"line":42,"column":7}}},"2":{"name":"(anonymous_2)","decl":{"start":{"line":43,"column":14},"end":{"line":43,"column":15}},"loc":{"start":{"line":43,"column":42},"end":{"line":46,"column":7}}},"3":{"name":"(anonymous_3)","decl":{"start":{"line":52,"column":10},"end":{"line":52,"column":15}},"loc":{"start":{"line":52,"column":26},"end":{"line":88,"column":3}}},"4":{"name":"(anonymous_4)","decl":{"start":{"line":90,"column":10},"end":{"line":90,"column":15}},"loc":{"start":{"line":90,"column":39},"end":{"line":109,"column":3}}},"5":{"name":"(anonymous_5)","decl":{"start":{"line":111,"column":2},"end":{"line":111,"column":6}},"loc":{"start":{"line":111,"column":19},"end":{"line":123,"column":3}}},"6":{"name":"(anonymous_6)","decl":{"start":{"line":114,"column":14},"end":{"line":114,"column":17}},"loc":{"start":{"line":114,"column":19},"end":{"line":116,"column":9}}},"7":{"name":"(anonymous_7)","decl":{"start":{"line":117,"column":15},"end":{"line":117,"column":20}},"loc":{"start":{"line":117,"column":23},"end":{"line":119,"column":9}}},"8":{"name":"(anonymous_8)","decl":{"start":{"line":125,"column":10},"end":{"line":125,"column":23}},"loc":{"start":{"line":125,"column":36},"end":{"line":138,"column":3}}},"9":{"name":"(anonymous_9)","decl":{"start":{"line":140,"column":2},"end":{"line":140,"column":7}},"loc":{"start":{"line":140,"column":18},"end":{"line":151,"column":3}}},"10":{"name":"(anonymous_10)","decl":{"start":{"line":153,"column":2},"end":{"line":153,"column":10}},"loc":{"start":{"line":153,"column":10},"end":{"line":161,"column":3}}},"11":{"name":"(anonymous_11)","decl":{"start":{"line":163,"column":2},"end":{"line":163,"column":7}},"loc":{"start":{"line":163,"column":25},"end":{"line":165,"column":3}}},"12":{"name":"(anonymous_12)","decl":{"start":{"line":167,"column":2},"end":{"line":167,"column":6}},"loc":{"start":{"line":167,"column":15},"end":{"line":169,"column":3}}},"13":{"name":"(anonymous_13)","decl":{"start":{"line":171,"column":2},"end":{"line":171,"column":6}},"loc":{"start":{"line":171,"column":20},"end":{"line":173,"column":3}}},"14":{"name":"(anonymous_14)","decl":{"start":{"line":175,"column":2},"end":{"line":175,"column":7}},"loc":{"start":{"line":175,"column":13},"end":{"line":179,"column":3}}}},"branchMap":{"0":{"loc":{"start":{"line":35,"column":4},"end":{"line":37,"column":5}},"type":"if","locations":[{"start":{"line":35,"column":4},"end":{"line":37,"column":5}}]},"1":{"loc":{"start":{"line":59,"column":17},"end":{"line":59,"column":46}},"type":"binary-expr","locations":[{"start":{"line":59,"column":17},"end":{"line":59,"column":37}},{"start":{"line":59,"column":41},"end":{"line":59,"column":46}}]},"2":{"loc":{"start":{"line":61,"column":30},"end":{"line":61,"column":69}},"type":"binary-expr","locations":[{"start":{"line":61,"column":30},"end":{"line":61,"column":63}},{"start":{"line":61,"column":67},"end":{"line":61,"column":69}}]},"3":{"loc":{"start":{"line":62,"column":27},"end":{"line":62,"column":65}},"type":"binary-expr","locations":[{"start":{"line":62,"column":27},"end":{"line":62,"column":57}},{"start":{"line":62,"column":61},"end":{"line":62,"column":65}}]},"4":{"loc":{"start":{"line":63,"column":18},"end":{"line":63,"column":48}},"type":"binary-expr","locations":[{"start":{"line":63,"column":18},"end":{"line":63,"column":39}},{"start":{"line":63,"column":43},"end":{"line":63,"column":48}}]},"5":{"loc":{"start":{"line":64,"column":17},"end":{"line":64,"column":46}},"type":"binary-expr","locations":[{"start":{"line":64,"column":17},"end":{"line":64,"column":37}},{"start":{"line":64,"column":41},"end":{"line":64,"column":46}}]},"6":{"loc":{"start":{"line":65,"column":16},"end":{"line":65,"column":44}},"type":"binary-expr","locations":[{"start":{"line":65,"column":16},"end":{"line":65,"column":35}},{"start":{"line":65,"column":39},"end":{"line":65,"column":44}}]},"7":{"loc":{"start":{"line":66,"column":21},"end":{"line":66,"column":54}},"type":"binary-expr","locations":[{"start":{"line":66,"column":21},"end":{"line":66,"column":45}},{"start":{"line":66,"column":49},"end":{"line":66,"column":54}}]},"8":{"loc":{"start":{"line":67,"column":22},"end":{"line":67,"column":57}},"type":"binary-expr","locations":[{"start":{"line":67,"column":22},"end":{"line":67,"column":47}},{"start":{"line":67,"column":51},"end":{"line":67,"column":57}}]},"9":{"loc":{"start":{"line":68,"column":20},"end":{"line":68,"column":48}},"type":"binary-expr","locations":[{"start":{"line":68,"column":20},"end":{"line":68,"column":43}},{"start":{"line":68,"column":47},"end":{"line":68,"column":48}}]},"10":{"loc":{"start":{"line":71,"column":6},"end":{"line":73,"column":7}},"type":"if","locations":[{"start":{"line":71,"column":6},"end":{"line":73,"column":7}}]},"11":{"loc":{"start":{"line":92,"column":6},"end":{"line":94,"column":7}},"type":"if","locations":[{"start":{"line":92,"column":6},"end":{"line":94,"column":7}}]},"12":{"loc":{"start":{"line":112,"column":4},"end":{"line":122,"column":5}},"type":"if","locations":[{"start":{"line":112,"column":4},"end":{"line":122,"column":5}},{"start":{"line":120,"column":11},"end":{"line":122,"column":5}}]},"13":{"loc":{"start":{"line":128,"column":6},"end":{"line":130,"column":7}},"type":"if","locations":[{"start":{"line":128,"column":6},"end":{"line":130,"column":7}}]},"14":{"loc":{"start":{"line":143,"column":15},"end":{"line":143,"column":55}},"type":"cond-expr","locations":[{"start":{"line":143,"column":38},"end":{"line":143,"column":49}},{"start":{"line":143,"column":52},"end":{"line":143,"column":55}}]},"15":{"loc":{"start":{"line":146,"column":4},"end":{"line":148,"column":5}},"type":"if","locations":[{"start":{"line":146,"column":4},"end":{"line":148,"column":5}}]},"16":{"loc":{"start":{"line":154,"column":4},"end":{"line":156,"column":5}},"type":"if","locations":[{"start":{"line":154,"column":4},"end":{"line":156,"column":5}}]},"17":{"loc":{"start":{"line":157,"column":4},"end":{"line":159,"column":5}},"type":"if","locations":[{"start":{"line":157,"column":4},"end":{"line":159,"column":5}}]},"18":{"loc":{"start":{"line":176,"column":4},"end":{"line":178,"column":5}},"type":"if","locations":[{"start":{"line":176,"column":4},"end":{"line":178,"column":5}}]}},"s":{"0":1,"1":1,"2":1,"3":1,"4":1,"5":1,"6":1,"7":1,"8":1,"9":1,"10":1,"11":1,"12":1,"13":1,"14":0,"15":0,"16":0,"17":0,"18":0,"19":0,"20":0,"21":0,"22":0,"23":0,"24":0,"25":0,"26":0,"27":0,"28":0,"29":0,"30":0,"31":0,"32":0,"33":0,"34":0,"35":0,"36":0,"37":0,"38":0,"39":0,"40":0,"41":0,"42":0,"43":0,"44":0,"45":0,"46":0,"47":0,"48":0,"49":0,"50":0,"51":0,"52":0,"53":0,"54":0,"55":0,"56":0,"57":0,"58":0,"59":0,"60":0,"61":0,"62":0,"63":0,"64":0,"65":0,"66":0,"67":1},"f":{"0":1,"1":0,"2":0,"3":0,"4":0,"5":0,"6":0,"7":0,"8":0,"9":0,"10":0,"11":0,"12":0,"13":0,"14":0},"b":{"0":[1],"1":[0,0],"2":[0,0],"3":[0,0],"4":[0,0],"5":[0,0],"6":[0,0],"7":[0,0],"8":[0,0],"9":[0,0],"10":[0],"11":[0],"12":[0,0],"13":[0],"14":[0,0],"15":[0],"16":[0],"17":[0],"18":[0]}}
,"/Users/rabelium/Workspace/personal/cqrs/libs/cqrs/src/subjects/redis.subject.ts": {"path":"/Users/rabelium/Workspace/personal/cqrs/libs/cqrs/src/subjects/redis.subject.ts","statementMap":{"0":{"start":{"line":1,"column":0},"end":{"line":1,"column":40}},"1":{"start":{"line":2,"column":0},"end":{"line":2,"column":31}},"2":{"start":{"line":9,"column":0},"end":{"line":13,"column":1}},"3":{"start":{"line":10,"column":2},"end":{"line":10,"column":29}},"4":{"start":{"line":14,"column":25},"end":{"line":15,"column":null}},"5":{"start":{"line":27,"column":4},"end":{"line":27,"column":12}},"6":{"start":{"line":26,"column":31},"end":{"line":26,"column":52}},"7":{"start":{"line":19,"column":19},"end":{"line":19,"column":58}},"8":{"start":{"line":20,"column":10},"end":{"line":20,"column":51}},"9":{"start":{"line":21,"column":10},"end":{"line":21,"column":52}},"10":{"start":{"line":22,"column":10},"end":{"line":22,"column":30}},"11":{"start":{"line":24,"column":19},"end":{"line":24,"column":48}},"12":{"start":{"line":29,"column":4},"end":{"line":31,"column":5}},"13":{"start":{"line":30,"column":6},"end":{"line":30,"column":29}},"14":{"start":{"line":33,"column":4},"end":{"line":33,"column":52}},"15":{"start":{"line":37,"column":4},"end":{"line":71,"column":5}},"16":{"start":{"line":38,"column":27},"end":{"line":45,"column":8}},"17":{"start":{"line":46,"column":6},"end":{"line":48,"column":7}},"18":{"start":{"line":47,"column":8},"end":{"line":47,"column":31}},"19":{"start":{"line":50,"column":6},"end":{"line":50,"column":47}},"20":{"start":{"line":51,"column":6},"end":{"line":51,"column":48}},"21":{"start":{"line":53,"column":6},"end":{"line":62,"column":9}},"22":{"start":{"line":54,"column":8},"end":{"line":61,"column":9}},"23":{"start":{"line":55,"column":31},"end":{"line":55,"column":50}},"24":{"start":{"line":57,"column":10},"end":{"line":57,"column":28}},"25":{"start":{"line":59,"column":10},"end":{"line":59,"column":69}},"26":{"start":{"line":60,"column":10},"end":{"line":60,"column":76}},"27":{"start":{"line":64,"column":6},"end":{"line":64,"column":57}},"28":{"start":{"line":66,"column":6},"end":{"line":66,"column":30}},"29":{"start":{"line":68,"column":6},"end":{"line":68,"column":70}},"30":{"start":{"line":69,"column":6},"end":{"line":69,"column":25}},"31":{"start":{"line":70,"column":6},"end":{"line":70,"column":18}},"32":{"start":{"line":75,"column":4},"end":{"line":85,"column":5}},"33":{"start":{"line":76,"column":6},"end":{"line":82,"column":11}},"34":{"start":{"line":78,"column":10},"end":{"line":78,"column":37}},"35":{"start":{"line":81,"column":10},"end":{"line":81,"column":29}},"36":{"start":{"line":84,"column":6},"end":{"line":84,"column":33}},"37":{"start":{"line":89,"column":4},"end":{"line":98,"column":5}},"38":{"start":{"line":90,"column":22},"end":{"line":90,"column":43}},"39":{"start":{"line":91,"column":6},"end":{"line":93,"column":7}},"40":{"start":{"line":92,"column":8},"end":{"line":92,"column":31}},"41":{"start":{"line":94,"column":6},"end":{"line":94,"column":63}},"42":{"start":{"line":96,"column":6},"end":{"line":96,"column":70}},"43":{"start":{"line":97,"column":6},"end":{"line":97,"column":69}},"44":{"start":{"line":102,"column":31},"end":{"line":105,"column":6}},"45":{"start":{"line":107,"column":4},"end":{"line":109,"column":5}},"46":{"start":{"line":108,"column":6},"end":{"line":108,"column":39}},"47":{"start":{"line":111,"column":4},"end":{"line":111,"column":21}},"48":{"start":{"line":115,"column":4},"end":{"line":117,"column":5}},"49":{"start":{"line":116,"column":6},"end":{"line":116,"column":34}},"50":{"start":{"line":118,"column":4},"end":{"line":120,"column":5}},"51":{"start":{"line":119,"column":6},"end":{"line":119,"column":35}},"52":{"start":{"line":121,"column":4},"end":{"line":121,"column":21}},"53":{"start":{"line":125,"column":4},"end":{"line":125,"column":38}},"54":{"start":{"line":129,"column":4},"end":{"line":129,"column":28}},"55":{"start":{"line":18,"column":0},"end":{"line":18,"column":13}}},"fnMap":{"0":{"name":"(anonymous_0)","decl":{"start":{"line":26,"column":2},"end":{"line":26,"column":31}},"loc":{"start":{"line":26,"column":52},"end":{"line":34,"column":3}}},"1":{"name":"(anonymous_1)","decl":{"start":{"line":36,"column":10},"end":{"line":36,"column":15}},"loc":{"start":{"line":36,"column":26},"end":{"line":72,"column":3}}},"2":{"name":"(anonymous_2)","decl":{"start":{"line":53,"column":36},"end":{"line":53,"column":37}},"loc":{"start":{"line":53,"column":74},"end":{"line":62,"column":7}}},"3":{"name":"(anonymous_3)","decl":{"start":{"line":74,"column":2},"end":{"line":74,"column":6}},"loc":{"start":{"line":74,"column":19},"end":{"line":86,"column":3}}},"4":{"name":"(anonymous_4)","decl":{"start":{"line":77,"column":14},"end":{"line":77,"column":17}},"loc":{"start":{"line":77,"column":19},"end":{"line":79,"column":9}}},"5":{"name":"(anonymous_5)","decl":{"start":{"line":80,"column":15},"end":{"line":80,"column":20}},"loc":{"start":{"line":80,"column":23},"end":{"line":82,"column":9}}},"6":{"name":"(anonymous_6)","decl":{"start":{"line":88,"column":10},"end":{"line":88,"column":15}},"loc":{"start":{"line":88,"column":43},"end":{"line":99,"column":3}}},"7":{"name":"(anonymous_7)","decl":{"start":{"line":101,"column":2},"end":{"line":101,"column":7}},"loc":{"start":{"line":101,"column":18},"end":{"line":112,"column":3}}},"8":{"name":"(anonymous_8)","decl":{"start":{"line":114,"column":2},"end":{"line":114,"column":10}},"loc":{"start":{"line":114,"column":10},"end":{"line":122,"column":3}}},"9":{"name":"(anonymous_9)","decl":{"start":{"line":124,"column":2},"end":{"line":124,"column":7}},"loc":{"start":{"line":124,"column":25},"end":{"line":126,"column":3}}},"10":{"name":"(anonymous_10)","decl":{"start":{"line":128,"column":2},"end":{"line":128,"column":6}},"loc":{"start":{"line":128,"column":15},"end":{"line":130,"column":3}}}},"branchMap":{"0":{"loc":{"start":{"line":29,"column":4},"end":{"line":31,"column":5}},"type":"if","locations":[{"start":{"line":29,"column":4},"end":{"line":31,"column":5}}]},"1":{"loc":{"start":{"line":39,"column":14},"end":{"line":39,"column":46}},"type":"binary-expr","locations":[{"start":{"line":39,"column":14},"end":{"line":39,"column":31}},{"start":{"line":39,"column":35},"end":{"line":39,"column":46}}]},"2":{"loc":{"start":{"line":40,"column":14},"end":{"line":40,"column":39}},"type":"binary-expr","locations":[{"start":{"line":40,"column":14},"end":{"line":40,"column":31}},{"start":{"line":40,"column":35},"end":{"line":40,"column":39}}]},"3":{"loc":{"start":{"line":41,"column":30},"end":{"line":41,"column":60}},"type":"binary-expr","locations":[{"start":{"line":41,"column":30},"end":{"line":41,"column":53}},{"start":{"line":41,"column":57},"end":{"line":41,"column":60}}]},"4":{"loc":{"start":{"line":42,"column":30},"end":{"line":42,"column":61}},"type":"binary-expr","locations":[{"start":{"line":42,"column":30},"end":{"line":42,"column":56}},{"start":{"line":42,"column":60},"end":{"line":42,"column":61}}]},"5":{"loc":{"start":{"line":43,"column":24},"end":{"line":43,"column":53}},"type":"binary-expr","locations":[{"start":{"line":43,"column":24},"end":{"line":43,"column":44}},{"start":{"line":43,"column":48},"end":{"line":43,"column":53}}]},"6":{"loc":{"start":{"line":46,"column":6},"end":{"line":48,"column":7}},"type":"if","locations":[{"start":{"line":46,"column":6},"end":{"line":48,"column":7}}]},"7":{"loc":{"start":{"line":75,"column":4},"end":{"line":85,"column":5}},"type":"if","locations":[{"start":{"line":75,"column":4},"end":{"line":85,"column":5}},{"start":{"line":83,"column":11},"end":{"line":85,"column":5}}]},"8":{"loc":{"start":{"line":91,"column":6},"end":{"line":93,"column":7}},"type":"if","locations":[{"start":{"line":91,"column":6},"end":{"line":93,"column":7}}]},"9":{"loc":{"start":{"line":107,"column":4},"end":{"line":109,"column":5}},"type":"if","locations":[{"start":{"line":107,"column":4},"end":{"line":109,"column":5}}]},"10":{"loc":{"start":{"line":115,"column":4},"end":{"line":117,"column":5}},"type":"if","locations":[{"
[...]
column":20}},"139":{"start":{"line":366,"column":10},"end":{"line":366,"column":54}},"140":{"start":{"line":366,"column":43},"end":{"line":366,"column":52}},"141":{"start":{"line":369,"column":8},"end":{"line":369,"column":22}},"142":{"start":{"line":378,"column":4},"end":{"line":380,"column":5}},"143":{"start":{"line":379,"column":6},"end":{"line":379,"column":29}},"144":{"start":{"line":381,"column":4},"end":{"line":381,"column":35}},"145":{"start":{"line":382,"column":4},"end":{"line":382,"column":63}},"146":{"start":{"line":389,"column":4},"end":{"line":391,"column":5}},"147":{"start":{"line":390,"column":6},"end":{"line":390,"column":29}},"148":{"start":{"line":392,"column":4},"end":{"line":392,"column":35}},"149":{"start":{"line":393,"column":4},"end":{"line":393,"column":65}},"150":{"start":{"line":400,"column":4},"end":{"line":416,"column":5}},"151":{"start":{"line":401,"column":6},"end":{"line":403,"column":7}},"152":{"start":{"line":402,"column":8},"end":{"line":402,"column":53}},"153":{"start":{"line":405,"column":6},"end":{"line":407,"column":7}},"154":{"start":{"line":406,"column":8},"end":{"line":406,"column":35}},"155":{"start":{"line":409,"column":6},"end":{"line":411,"column":7}},"156":{"start":{"line":410,"column":8},"end":{"line":410,"column":38}},"157":{"start":{"line":413,"column":6},"end":{"line":413,"column":32}},"158":{"start":{"line":415,"column":6},"end":{"line":415,"column":65}},"159":{"start":{"line":20,"column":0},"end":{"line":20,"column":13}}},"fnMap":{"0":{"name":"(anonymous_0)","decl":{"start":{"line":31,"column":2},"end":{"line":31,"column":31}},"loc":{"start":{"line":31,"column":50},"end":{"line":43,"column":3}}},"1":{"name":"(anonymous_1)","decl":{"start":{"line":45,"column":10},"end":{"line":45,"column":15}},"loc":{"start":{"line":45,"column":26},"end":{"line":118,"column":3}}},"2":{"name":"(anonymous_2)","decl":{"start":{"line":54,"column":34},"end":{"line":54,"column":35}},"loc":{"start":{"line":54,"column":51},"end":{"line":58,"column":7}}},"3":{"name":"(anonymous_3)","decl":{"start":{"line":60,"column":34},"end":{"line":60,"column":37}},"loc":{"start":{"line":60,"column":39},"end":{"line":62,"column":7}}},"4":{"name":"(anonymous_4)","decl":{"start":{"line":66,"column":31},"end":{"line":66,"column":32}},"loc":{"start":{"line":66,"column":48},"end":{"line":69,"column":7}}},"5":{"name":"(anonymous_5)","decl":{"start":{"line":71,"column":31},"end":{"line":71,"column":34}},"loc":{"start":{"line":71,"column":36},"end":{"line":71,"column":39}}},"6":{"name":"(anonymous_6)","decl":{"start":{"line":120,"column":10},"end":{"line":120,"column":29}},"loc":{"start":{"line":120,"column":29},"end":{"line":141,"column":3}}},"7":{"name":"(anonymous_7)","decl":{"start":{"line":122,"column":41},"end":{"line":122,"column":44}},"loc":{"start":{"line":122,"column":47},"end":{"line":134,"column":7}}},"8":{"name":"(anonymous_8)","decl":{"start":{"line":143,"column":10},"end":{"line":143,"column":15}},"loc":{"start":{"line":143,"column":30},"end":{"line":189,"column":3}}},"9":{"name":"(anonymous_9)","decl":{"start":{"line":150,"column":8},"end":{"line":150,"column":9}},"loc":{"start":{"line":150,"column":47},"end":{"line":177,"column":9}}},"10":{"name":"(anonymous_10)","decl":{"start":{"line":191,"column":2},"end":{"line":191,"column":6}},"loc":{"start":{"line":191,"column":19},"end":{"line":203,"column":3}}},"11":{"name":"(anonymous_11)","decl":{"start":{"line":194,"column":14},"end":{"line":194,"column":17}},"loc":{"start":{"line":194,"column":19},"end":{"line":196,"column":9}}},"12":{"name":"(anonymous_12)","decl":{"start":{"line":197,"column":15},"end":{"line":197,"column":20}},"loc":{"start":{"line":197,"column":23},"end":{"line":199,"column":9}}},"13":{"name":"(anonymous_13)","decl":{"start":{"line":205,"column":10},"end":{"line":205,"column":27}},"loc":{"start":{"line":205,"column":40},"end":{"line":235,"column":3}}},"14":{"name":"(anonymous_14)","decl":{"start":{"line":237,"column":2},"end":{"line":237,"column":7}},"loc":{"start":{"line":237,"column":18},"end":{"line":248,"column":3}}},"15":{"name":"(anonymous_15)","decl":{"start":{"line":250,"column":2},"end":{"line":250,"column":10}},"loc":{"start":{"line":250,"column":10},"end":{"line":259,"column":3}}},"16":{"name":"(anonymous_16)","decl":{"start":{"line":252,"column":12},"end":{"line":252,"column":15}},"loc":{"start":{"line":252,"column":17},"end":{"line":254,"column":7}}},"17":{"name":"(anonymous_17)","decl":{"start":{"line":255,"column":13},"end":{"line":255,"column":18}},"loc":{"start":{"line":255,"column":21},"end":{"line":258,"column":7}}},"18":{"name":"(anonymous_18)","decl":{"start":{"line":264,"column":2},"end":{"line":264,"column":7}},"loc":{"start":{"line":264,"column":25},"end":{"line":277,"column":3}}},"19":{"name":"(anonymous_19)","decl":{"start":{"line":271,"column":24},"end":{"line":271,"column":31}},"loc":{"start":{"line":271,"column":35},"end":{"line":271,"column":59}}},"20":{"name":"(anonymous_20)","decl":{"start":{"line":282,"column":2},"end":{"line":282,"column":6}},"loc":{"start":{"line":282,"column":15},"end":{"line":284,"column":3}}},"21":{"name":"(anonymous_21)","decl":{"start":{"line":289,"column":2},"end":{"line":289,"column":6}},"loc":{"start":{"line":289,"column":21},"end":{"line":291,"column":3}}},"22":{"name":"(anonymous_22)","decl":{"start":{"line":296,"column":2},"end":{"line":296,"column":6}},"loc":{"start":{"line":296,"column":18},"end":{"line":298,"column":3}}},"23":{"name":"(anonymous_23)","decl":{"start":{"line":303,"column":2},"end":{"line":303,"column":7}},"loc":{"start":{"line":307,"column":32},"end":{"line":338,"column":3}}},"24":{"name":"(anonymous_24)","decl":{"start":{"line":317,"column":23},"end":{"line":317,"column":24}},"loc":{"start":{"line":317,"column":43},"end":{"line":337,"column":5}}},"25":{"name":"(anonymous_25)","decl":{"start":{"line":332,"column":37},"end":{"line":332,"column":40}},"loc":{"start":{"line":332,"column":43},"end":{"line":332,"column":52}}},"26":{"name":"(anonymous_26)","decl":{"start":{"line":343,"column":2},"end":{"line":343,"column":7}},"loc":{"start":{"line":346,"column":32},"end":{"line":372,"column":3}}},"27":{"name":"(anonymous_27)","decl":{"start":{"line":356,"column":23},"end":{"line":356,"column":24}},"loc":{"start":{"line":356,"column":43},"end":{"line":371,"column":5}}},"28":{"name":"(anonymous_28)","decl":{"start":{"line":366,"column":37},"end":{"line":366,"column":40}},"loc":{"start":{"line":366,"column":43},"end":{"line":366,"column":52}}},"29":{"name":"(anonymous_29)","decl":{"start":{"line":377,"column":2},"end":{"line":377,"column":7}},"loc":{"start":{"line":377,"column":70},"end":{"line":383,"column":3}}},"30":{"name":"(anonymous_30)","decl":{"start":{"line":388,"column":2},"end":{"line":388,"column":7}},"loc":{"start":{"line":388,"column":72},"end":{"line":394,"column":3}}},"31":{"name":"(anonymous_31)","decl":{"start":{"line":399,"column":10},"end":{"line":399,"column":15}},"loc":{"start":{"line":399,"column":23},"end":{"line":417,"column":3}}}},"branchMap":{"0":{"loc":{"start":{"line":34,"column":4},"end":{"line":36,"column":5}},"type":"if","locations":[{"start":{"line":34,"column":4},"end":{"line":36,"column":5}}]},"1":{"loc":{"start":{"line":38,"column":22},"end":{"line":38,"column":57}},"type":"binary-expr","locations":[{"start":{"line":38,"column":22},"end":{"line":38,"column":40}},{"start":{"line":38,"column":44},"end":{"line":38,"column":57}}]},"2":{"loc":{"start":{"line":39,"column":25},"end":{"line":39,"column":52}},"type":"binary-expr","locations":[{"start":{"line":39,"column":25},"end":{"line":39,"column":46}},{"start":{"line":39,"column":50},"end":{"line":39,"column":52}}]},"3":{"loc":{"start":{"line":40,"column":23},"end":{"line":40,"column":65}},"type":"binary-expr","locations":[{"start":{"line":40,"column":23},"end":{"line":40,"column":46}},{"start":{"line":40,"column":50},"end":{"line":40,"column":65}}]},"4":{"loc":{"start":{"line":48,"column":6},"end":{"line":50,"column":7}},"type":"if","locations":[{"start":{"line":48,"column":6},"end":{"line":50,"column":7}}]},"5":{"loc":{"start":{"line":73,"column":6},"end":{"line":78,"column":7}},"type":"if","locations":[{"start":{"line":73,"column":6},"end":{"line":78,"column":7}}]},"6":{"loc":{"start":{"line":76,"column":10},"end":{"line":76,"column":53}},"type":"binary-expr","locations":[{"start":{"line":76,"column":10},"end":{"line":76,"column":44}},{"start":{"line":76,"column":48},"end":{"line":76,"column":53}}]},"7":{"loc":{"start":{"line":80,"column":6},"end":{"line":90,"column":7}},"type":"if","locations":[{"start":{"line":80,"column":6},"end":{"line":90,"column":7}}]},"8":{"loc":{"start":{"line":83,"column":10},"end":{"line":83,"column":46}},"type":"binary-expr","locations":[{"start":{"line":83,"column":10},"end":{"line":83,"column":35}},{"start":{"line":83,"column":39},"end":{"line":83,"column":46}}]},"9":{"loc":{"start":{"line":86,"column":24},"end":{"line":86,"column":70}},"type":"binary-expr","locations":[{"start":{"line":86,"column":24},"end":{"line":86,"column":61}},{"start":{"line":86,"column":65},"end":{"line":86,"column":70}}]},"10":{"loc":{"start":{"line":87,"column":23},"end":{"line":87,"column":59}},"type":"binary-expr","locations":[{"start":{"line":87,"column":23},"end":{"line":87,"column":53}},{"start":{"line":87,"column":57},"end":{"line":87,"column":59}}]},"11":{"loc":{"start":{"line":92,"column":6},"end":{"line":108,"column":7}},"type":"if","locations":[{"start":{"line":92,"column":6},"end":{"line":108,"column":7}}]},"12":{"loc":{"start":{"line":95,"column":22},"end":{"line":95,"column":68}},"type":"binary-expr","locations":[{"start":{"line":95,"column":22},"end":{"line":95,"column":59}},{"start":{"line":95,"column":63},"end":{"line":95,"column":68}}]},"13":{"loc":{"start":{"line":96,"column":21},"end":{"line":96,"column":63}},"type":"binary-expr","locations":[{"start":{"line":96,"column":21},"end":{"line":96,"column":57}},{"start":{"line":96,"column":61},"end":{"line":96,"column":63}}]},"14":{"loc":{"start":{"line":105,"column":8},"end":{"line":107,"column":9}},"type":"if","locations":[{"start":{"line":105,"column":8},"end":{"line":107,"column":9}}]},"15":{"loc":{"start":{"line":121,"column":4},"end":{"line":137,"column":5}},"type":"if","locations":[{"start":{"line":121,"column":4},"end":{"line":137,"column":5}}]},"16":{"loc":{"start":{"line":121,"column":8},"end":{"line":121,"column":57}},"type":"binary-expr","locations":[{"start":{"line":121,"column":8},"end":{"line":121,"column":25}},{"start":{"line":121,"column":29},"end":{"line":121,"column":57}}]},"17":{"loc":{"start":{"line":123,"column":8},"end":{"line":125,"column":9}},"type":"if","locations":[{"start":{"line":123,"column":8},"end":{"line":125,"column":9}}]},"18":{"loc":{"start":{"line":127,"column":25},"end":{"line":127,"column":47}},"type":"binary-expr","locations":[{"start":{"line":127,"column":25},"end":{"line":127,"column":37}},{"start":{"line":127,"column":41},"end":{"line":127,"column":47}}]},"19":{"loc":{"start":{"line":128,"column":25},"end":{"line":128,"column":52}},"type":"binary-expr","locations":[{"start":{"line":128,"column":25},"end":{"line":128,"column":37}},{"start":{"line":128,"column":41},"end":{"line":128,"column":52}}]},"20":{"loc":{"start":{"line":129,"column":21},"end":{"line":129,"column":37}},"type":"binary-expr","locations":[{"start":{"line":129,"column":21},"end":{"line":129,"column":29}},{"start":{"line":129,"column":33},"end":{"line":129,"column":37}}]},"21":{"loc":{"start":{"line":130,"column":25},"end":{"line":130,"column":85}},"type":"cond-expr","locations":[{"start":{"line":130,"column":40},"end":{"line":130,"column":80}},{"start":{"line":130,"column":83},"end":{"line":130,"column":85}}]},"22":{"loc":{"start":{"line":130,"column":59},"end":{"line":130,"column":77}},"type":"binary-expr","locations":[{"start":{"line":130,"column":59},"end":{"line":130,"column":71}},{"start":{"line":130,"column":75},"end":{"line":130,"column":77}}]},"23":{"loc":{"start":{"line":131,"column":22},"end":{"line":131,"column":54}},"type":"cond-expr","locations":[{"start":{"line":131,"column":34},"end":{"line":131,"column":49}},{"start":{"line":131,"column":52},"end":{"line":131,"column":54}}]},"24":{"loc":{"start":{"line":145,"column":6},"end":{"line":147,"column":7}},"type":"if","locations":[{"start":{"line":145,"column":6},"end":{"line":147,"column":7}}]},"25":{"loc":{"start":{"line":151,"column":10},"end":{"line":176,"column":11}},"type":"if","locations":[{"start":{"line":151,"column":10},"end":{"line":176,"column":11}}]},"26":{"loc":{"start":{"line":158,"column":14},"end":{"line":163,"column":15}},"type":"if","locations":[{"start":{"line":158,"column":14},"end":{"line":163,"column":15}}]},"27":{"loc":{"start":{"line":159,"column":16},"end":{"line":161,"column":17}},"type":"if","locations":[{"start":{"line":159,"column":16},"end":{"line":161,"column":17}}]},"28":{"loc":{"start":{"line":167,"column":14},"end":{"line":172,"column":15}},"type":"if","locations":[{"start":{"line":167,"column":14},"end":{"line":172,"column":15}}]},"29":{"loc":{"start":{"line":168,"column":16},"end":{"line":170,"column":17}},"type":"if","locations":[{"start":{"line":168,"column":16},"end":{"line":170,"column":17}}]},"30":{"loc":{"start":{"line":179,"column":17},"end":{"line":179,"column":44}},"type":"binary-expr","locations":[{"start":{"line":179,"column":17},"end":{"line":179,"column":35}},{"start":{"line":179,"column":39},"end":{"line":179,"column":44}}]},"31":{"loc":{"start":{"line":192,"column":4},"end":{"line":202,"column":5}},"type":"if","locations":[{"start":{"line":192,"column":4},"end":{"line":202,"column":5}},{"start":{"line":200,"column":11},"end":{"line":202,"column":5}}]},"32":{"loc":{"start":{"line":210,"column":17},"end":{"line":210,"column":43}},"type":"binary-expr","locations":[{"start":{"line":210,"column":17},"end":{"line":210,"column":37}},{"start":{"line":210,"column":41},"end":{"line":210,"column":43}}]},"33":{"loc":{"start":{"line":213,"column":6},"end":{"line":215,"column":7}},"type":"if","locations":[{"start":{"line":213,"column":6},"end":{"line":215,"column":7}}]},"34":{"loc":{"start":{"line":217,"column":6},"end":{"line":230,"column":7}},"type":"if","locations":[{"start":{"line":217,"column":6},"end":{"line":230,"column":7}},{"start":{"line":228,"column":13},"end":{"line":230,"column":7}}]},"35":{"loc":{"start":{"line":218,"column":28},"end":{"line":220,"column":28}},"type":"cond-expr","locations":[{"start":{"line":219,"column":12},"end":{"line":219,"column":42}},{"start":{"line":220,"column":12},"end":{"line":220,"column":28}}]},"36":{"loc":{"start":{"line":240,"column":15},"end":{"line":240,"column":55}},"type":"cond-expr","locations":[{"start":{"line":240,"column":38},"end":{"line":240,"column":49}},{"start":{"line":240,"column":52},"end":{"line":240,"column":55}}]},"37":{"loc":{"start":{"line":243,"column":4},"end":{"line":245,"column":5}},"type":"if","locations":[{"start":{"line":243,"column":4},"end":{"line":245,"column":5}}]},"38":{"loc":{"start":{"line":267,"column":20},"end":{"line":267,"column":49}},"type":"binary-expr","locations":[{"start":{"line":267,"column":20},"end":{"line":267,"column":40}},{"start":{"line":267,"column":44},"end":{"line":267,"column":49}}]},"39":{"loc":{"start":{"line":270,"column":11},"end":{"line":270,"column":66}},"type":"binary-expr","locations":[{"start":{"line":270,"column":11},"end":{"line":270,"column":29}},{"start":{"line":270,"column":33},"end":{"line":270,"column":66}}]},"40":{"loc":{"start":{"line":274,"column":4},"end":{"line":276,"column":5}},"type":"if","locations":[{"start":{"line":274,"column":4},"end":{"line":276,"column":5}}]},"41":{"loc":{"start":{"line":311,"column":20},"end":{"line":311,"column":83}},"type":"cond-expr","locations":[{"start":{"line":311,"column":50},"end":{"line":311,"column":57}},{"start":{"line":311,"column":60},"end":{"line":311,"column":83}}]},"42":{"loc":{"start":{"line":318,"column":6},"end":{"line":320,"column":7}},"type":"if","locations":[{"start":{"line":318,"column":6},"end":{"line":320,"column":7}}]},"43":{"loc":{"start":{"line":329,"column":8},"end":{"line":333,"column":9}},"type":"if","locations":[{"start":{"line":329,"column":8},"end":{"line":333,"column":9}},{"start":{"line":331,"column":15},"end":{"line":333,"column":9}}]},"44":{"loc":{"start":{"line":350,"column":20},"end":{"line":350,"column":83}},"type":"cond-expr","locations":[{"start":{"line":350,"column":50},"end":{"line":350,"column":57}},{"start":{"line":350,"column":60},"end":{"line":350,"column":83}}]},"45":{"loc":{"start":{"line":357,"column":6},"end":{"line":359,"column":7}},"type":"if","locations":[{"start":{"line":357,"column":6},"end":{"line":359,"column":7}}]},"46":{"loc":{"start":{"line":363,"column":8},"end":{"line":367,"column":9}},"type":"if","locations":[{"start":{"line":363,"column":8},"end":{"line":367,"column":9}},{"start":{"line":365,"column":15},"end":{"line":367,"column":9}}]},"47":{"loc":{"start":{"line":378,"column":4},"end":{"line":380,"column":5}},"type":"if","locations":[{"start":{"line":378,"column":4},"end":{"line":380,"column":5}}]},"48":{"loc":{"start":{"line":389,"column":4},"end":{"line":391,"column":5}},"type":"if","locations":[{"start":{"line":389,"column":4},"end":{"line":391,"column":5}}]},"49":{"loc":{"start":{"line":401,"column":6},"end":{"line":403,"column":7}},"type":"if","locations":[{"start":{"line":401,"column":6},"end":{"line":403,"column":7}}]},"50":{"loc":{"start":{"line":401,"column":10},"end":{"line":401,"column":43}},"type":"binary-expr","locations":[{"start":{"line":401,"column":10},"end":{"line":401,"column":27}},{"start":{"line":401,"column":31},"end":{"line":401,"column":43}}]},"51":{"loc":{"start":{"line":405,"column":6},"end":{"line":407,"column":7}},"type":"if","locations":[{"start":{"line":405,"column":6},"end":{"line":407,"column":7}}]},"52":{"loc":{"start":{"line":409,"column":6},"end":{"line":411,"column":7}},"type":"if","locations":[{"start":{"line":409,"column":6},"end":{"line":411,"column":7}}]}},"s":{"0":1,"1":1,"2":1,"3":1,"4":1,"5":1,"6":1,"7":1,"8":1,"9":1,"10":1,"11":1,"12":1,"13":1,"14":0,"15":0,"16":0,"17":0,"18":0,"19":0,"20":0,"21":0,"22":0,"23":0,"24":0,"25":0,"26":0,"27":0,"28":0,"29":0,"30":0,"31":0,"32":0,"33":0,"34":0,"35":0,"36":0,"37":0,"38":0,"39":0,"40":0,"41":0,"42":0,"43":0,"44":0,"45":0,"46":0,"47":0,"48":0,"49":0,"50":0,"51":0,"52":0,"53":0,"54":0,"55":0,"56":0,"57":0,"58":0,"59":0,"60":0,"61":0,"62":0,"63":0,"64":0,"65":0,"66":0,"67":0,"68":0,"69":0,"70":0,"71":0,"72":0,"73":0,"74":0,"75":0,"76":0,"77":0,"78":0,"79":0,"80":0,"81":0,"82":0,"83":0,"84":0,"85":0,"86":0,"87":0,"88":0,"89":0,"90":0,"91":0,"92":0,"93":0,"94":0,"95":0,"96":0,"97":0,"98":0,"99":0,"100":0,"101":0,"102":0,"103":0,"104":0,"105":0,"106":0,"107":0,"108":0,"109":0,"110":0,"111":0,"112":0,"113":0,"114":0,"115":0,"116":0,"117":0,"118":0,"119":0,"120":0,"121":0,"122":0,"123":0,"124":0,"125":0,"126":0,"127":0,"128":0,"129":0,"130":0,"131":0,"132":0,"133":0,"134":0,"135":0,"136":0,"137":0,"138":0,"139":0,"140":0,"141":0,"142":0,"143":0,"144":0,"145":0,"146":0,"147":0,"148":0,"149":0,"150":0,"151":0,"152":0,"153":0,"154":0,"155":0,"156":0,"157":0,"158":0,"159":1},"f":{"0":1,"1":0,"2":0,"3":0,"4":0,"5":0,"6":0,"7":0,"8":0,"9":0,"10":0,"11":0,"12":0,"13":0,"14":0,"15":0,"16":0,"17":0,"18":0,"19":0,"20":0,"21":0,"22":0,"23":0,"24":0,"25":0,"26":0,"27":0,"28":0,"29":0,"30":0,"31":0},"b":{"0":[1],"1":[0,0],"2":[0,0],"3":[0,0],"4":[0],"5":[0],"6":[0,0],"7":[0],"8":[0,0],"9":[0,0],"10":[0,0],"11":[0],"12":[0,0],"13":[0,0],"14":[0],"15":[0],"16":[0,0],"17":[0],"18":[0,0],"19":[0,0],"20":[0,0],"21":[0,0],"22":[0,0],"23":[0,0],"24":[0],"25":[0],"26":[0],"27":[0],"28":[0],"29":[0],"30":[0,0],"31":[0,0],"32":[0,0],"33":[0],"34":[0,0],"35":[0,0],"36":[0,0],"37":[0],"38":[0,0],"39":[0,0],"40":[0],"41":[0,0],"42":[0],"43":[0,0],"44":[0,0],"45":[0],"46":[0,0],"47":[0],"48":[0],"49":[0],"50":[0,0],"51":[0],"52":[0]}}
}
