TN:
SF:src/cqrs.module.ts
FN:23,(anonymous_1)
FN:35,(anonymous_2)
FNF:2
FNH:2
FNDA:16,(anonymous_1)
FNDA:10,(anonymous_2)
DA:1,1
DA:2,1
DA:4,1
DA:5,1
DA:6,1
DA:15,1
DA:22,1
DA:24,16
DA:26,16
DA:33,16
DA:36,10
DA:38,4
DA:40,2
DA:42,1
DA:44,1
DA:46,2
DA:48,0
DA:53,16
DA:55,16
LF:19
LH:18
BRDA:23,0,0,3
BRDA:24,1,0,16
BRDA:24,1,1,5
BRDA:36,2,0,4
BRDA:36,2,1,2
BRDA:36,2,2,1
BRDA:36,2,3,1
BRDA:36,2,4,2
BRDA:36,2,5,0
BRF:9
BRH:8
end_of_record
TN:
SF:src/index.ts
FNF:0
FNH:0
DA:1,0
DA:2,0
DA:3,0
DA:4,0
DA:5,0
DA:6,0
LF:6
LH:0
BRF:0
BRH:0
end_of_record
TN:
SF:src/decorators/event-handler-metadata.ts
FNF:0
FNH:0
DA:1,2
LF:1
LH:1
BRF:0
BRH:0
end_of_record
TN:
SF:src/decorators/event-handler.decorator.ts
FN:4,(anonymous_0)
FN:6,(anonymous_1)
FNF:2
FNH:1
FNDA:12,(anonymous_0)
FNDA:0,(anonymous_1)
DA:1,2
DA:2,2
DA:4,14
DA:6,2
DA:7,0
LF:5
LH:4
BRF:0
BRH:0
end_of_record
TN:
SF:src/decorators/index.ts
FN:1,(anonymous_0)
FNF:1
FNH:0
FNDA:0,(anonymous_0)
DA:1,0
LF:1
LH:0
BRF:0
BRH:0
end_of_record
TN:
SF:src/enums/index.ts
FNF:0
FNH:0
DA:1,6
LF:1
LH:1
BRF:0
BRH:0
end_of_record
TN:
SF:src/enums/transport-type.enum.ts
FN:1,(anonymous_0)
FNF:1
FNH:1
FNDA:6,(anonymous_0)
DA:1,6
DA:2,6
DA:3,6
DA:4,6
DA:5,6
DA:6,6
LF:6
LH:6
BRDA:1,0,0,6
BRDA:1,0,1,6
BRF:2
BRH:2
end_of_record
TN:
SF:src/event-bus/event-bus.ts
FN:8,(anonymous_4)
FN:15,(anonymous_5)
FN:16,(anonymous_6)
FN:16,(anonymous_7)
FN:39,(anonymous_8)
FN:44,(anonymous_9)
FN:51,(anonymous_10)
FNF:7
FNH:7
FNDA:26,(anonymous_4)
FNDA:17,(anonymous_5)
FNDA:31,(anonymous_6)
FNDA:18,(anonymous_7)
FNDA:4,(anonymous_8)
FNDA:11,(anonymous_9)
FNDA:12,(anonymous_10)
DA:1,3
DA:2,3
DA:3,3
DA:7,3
DA:8,26
DA:9,26
DA:10,2
DA:16,31
DA:17,18
DA:18,18
DA:19,12
DA:20,7
DA:27,6
DA:28,5
DA:40,4
DA:45,11
DA:46,11
DA:48,11
DA:52,12
DA:58,10
DA:59,4
DA:60,2
DA:63,2
DA:64,2
DA:67,6
LF:25
LH:25
BRDA:9,0,0,2
BRDA:19,1,0,7
BRDA:27,2,0,5
BRDA:52,3,0,12
BRDA:52,3,1,5
BRDA:52,3,2,11
BRDA:58,4,0,4
BRDA:59,5,0,2
BRF:8
BRH:8
end_of_record
TN:
SF:src/event-bus/explorer.ts
FN:8,(anonymous_2)
FN:15,(anonymous_3)
FN:31,(anonymous_4)
FNF:3
FNH:3
FNDA:11,(anonymous_2)
FNDA:11,(anonymous_3)
FNDA:4,(anonymous_4)
DA:1,2
DA:2,2
DA:3,2
DA:4,2
DA:7,2
DA:9,11
DA:10,11
DA:11,11
DA:12,11
DA:16,11
DA:17,11
DA:19,11
DA:20,10
DA:21,10
DA:23,8
DA:24,8
DA:26,8
DA:27,11
DA:28,11
DA:30,11
DA:31,8
DA:32,4
LF:22
LH:22
BRDA:21,0,0,2
BRDA:21,1,0,10
BRDA:21,1,1,9
BRDA:30,2,0,8
BRF:4
BRH:4
end_of_record
TN:
SF:src/event-bus/index.ts
FN:1,(anonymous_0)
FN:2,(anonymous_1)
FNF:2
FNH:2
FNDA:38,(anonymous_0)
FNDA:36,(anonymous_1)
DA:1,40
DA:2,38
LF:2
LH:2
BRF:0
BRH:0
end_of_record
TN:
SF:src/external/index.ts
FNF:0
FNH:0
DA:1,0
DA:2,0
DA:3,0
DA:4,0
DA:5,0
LF:5
LH:0
BRF:0
BRH:0
end_of_record
TN:
SF:src/external/kafka.interface.ts
FN:274,(anonymous_0)
FN:284,(anonymous_1)
FN:291,(anonymous_2)
FN:301,(anonymous_3)
FN:308,(anonymous_4)
FN:324,(anonymous_5)
FN:586,(anonymous_6)
FN:1093,(anonymous_7)
FNF:8
FNH:0
FNDA:0,(anonymous_0)
FNDA:0,(anonymous_1)
FNDA:0,(anonymous_2)
FNDA:0,(anonymous_3)
FNDA:0,(anonymous_4)
FNDA:0,(anonymous_5)
FNDA:0,(anonymous_6)
FNDA:0,(anonymous_7)
DA:274,0
DA:275,0
DA:276,0
DA:277,0
DA:278,0
DA:279,0
DA:280,0
DA:281,0
DA:284,0
DA:285,0
DA:286,0
DA:287,0
DA:288,0
DA:291,0
DA:292,0
DA:293,0
DA:294,0
DA:295,0
DA:296,0
DA:297,0
DA:298,0
DA:301,0
DA:302,0
DA:303,0
DA:304,0
DA:305,0
DA:308,0
DA:309,0
DA:310,0
DA:311,0
DA:312,0
DA:313,0
DA:314,0
DA:315,0
DA:316,0
DA:317,0
DA:318,0
DA:319,0
DA:320,0
DA:321,0
DA:324,0
DA:325,0
DA:326,0
DA:327,0
DA:328,0
DA:329,0
DA:586,0
DA:587,0
DA:588,0
DA:589,0
DA:590,0
DA:591,0
DA:1093,0
DA:1094,0
DA:1095,0
DA:1096,0
DA:1097,0
DA:1098,0
LF:58
LH:0
BRDA:274,0,0,0
BRDA:274,0,1,0
BRDA:284,1,0,0
BRDA:284,1,1,0
BRDA:291,2,0,0
BRDA:291,2,1,0
BRDA:301,3,0,0
BRDA:301,3,1,0
BRDA:308,4,0,0
BRDA:308,4,1,0
BRDA:324,5,0,0
BRDA:324,5,1,0
BRDA:586,6,0,0
BRDA:586,6,1,0
BRDA:1093,7,0,0
BRDA:1093,7,1,0
BRF:16
BRH:0
end_of_record
TN:
SF:src/interfaces/index.ts
FNF:0
FNH:0
DA:1,0
DA:2,0
DA:3,0
DA:4,0
DA:5,0
DA:6,0
DA:7,0
DA:8,0
DA:9,0
LF:9
LH:0
BRF:0
BRH:0
end_of_record
TN:
SF:src/subjects/index.ts
FNF:0
FNH:0
DA:1,0
DA:2,0
DA:3,0
DA:4,0
DA:5,0
LF:5
LH:0
BRF:0
BRH:0
end_of_record
TN:
SF:src/subjects/kafka.subject.ts
FN:27,(anonymous_0)
FN:40,(anonymous_1)
FN:79,(anonymous_2)
FN:94,(anonymous_3)
FN:110,(anonymous_4)
FN:113,(anonymous_5)
FN:116,(anonymous_6)
FN:124,(anonymous_7)
FN:152,(anonymous_8)
FN:165,(anonymous_9)
FN:166,(anonymous_10)
FN:171,(anonymous_11)
FN:184,(anonymous_12)
FN:188,(anonymous_13)
FN:192,(anonymous_14)
FN:196,(anonymous_15)
FN:202,(anonymous_16)
FN:208,(anonymous_17)
FNF:18
FNH:1
FNDA:1,(anonymous_0)
FNDA:0,(anonymous_1)
FNDA:0,(anonymous_2)
FNDA:0,(anonymous_3)
FNDA:0,(anonymous_4)
FNDA:0,(anonymous_5)
FNDA:0,(anonymous_6)
FNDA:0,(anonymous_7)
FNDA:0,(anonymous_8)
FNDA:0,(anonymous_9)
FNDA:0,(anonymous_10)
FNDA:0,(anonymous_11)
FNDA:0,(anonymous_12)
FNDA:0,(anonymous_13)
FNDA:0,(anonymous_14)
FNDA:0,(anonymous_15)
FNDA:0,(anonymous_16)
FNDA:0,(anonymous_17)
DA:1,1
DA:2,1
DA:8,1
DA:9,1
DA:13,1
DA:17,1
DA:18,1
DA:19,1
DA:20,1
DA:21,1
DA:22,1
DA:27,1
DA:28,1
DA:30,1
DA:31,1
DA:34,0
DA:35,0
DA:37,0
DA:41,0
DA:42,0
DA:43,0
DA:46,0
DA:52,0
DA:53,0
DA:56,0
DA:60,0
DA:61,0
DA:67,0
DA:69,0
DA:70,0
DA:71,0
DA:77,0
DA:80,0
DA:86,0
DA:88,0
DA:89,0
DA:90,0
DA:95,0
DA:96,0
DA:97,0
DA:100,0
DA:101,0
DA:103,0
DA:105,0
DA:106,0
DA:111,0
DA:112,0
DA:114,0
DA:117,0
DA:120,0
DA:125,0
DA:126,0
DA:127,0
DA:130,0
DA:132,0
DA:147,0
DA:148,0
DA:153,0
DA:158,0
DA:159,0
DA:162,0
DA:166,0
DA:167,0
DA:172,0
DA:173,0
DA:174,0
DA:176,0
DA:177,0
DA:180,0
DA:185,0
DA:189,0
DA:193,0
DA:197,0
DA:198,0
DA:203,0
DA:204,0
DA:209,0
DA:210,0
LF:78
LH:15
BRDA:30,0,0,1
BRDA:35,1,0,0
BRDA:35,1,1,0
BRDA:42,2,0,0
BRDA:47,3,0,0
BRDA:47,3,1,0
BRDA:48,4,0,0
BRDA:48,4,1,0
BRDA:52,5,0,0
BRDA:60,6,0,0
BRDA:69,7,0,0
BRDA:73,8,0,0
BRDA:73,8,1,0
BRDA:96,9,0,0
BRDA:111,10,0,0
BRDA:111,10,1,0
BRDA:126,11,0,0
BRDA:136,12,0,0
BRDA:136,12,1,0
BRDA:140,13,0,0
BRDA:140,13,1,0
BRDA:155,14,0,0
BRDA:155,14,1,0
BRDA:158,15,0,0
BRDA:173,16,0,0
BRDA:176,17,0,0
BRDA:197,18,0,0
BRDA:203,19,0,0
BRDA:209,20,0,0
BRF:29
BRH:1
end_of_record
TN:
SF:src/subjects/mqtt.subject.ts
FN:25,(anonymous_0)
FN:35,(anonymous_1)
FN:76,(anonymous_2)
FN:84,(anonymous_3)
FN:99,(anonymous_4)
FN:108,(anonymous_5)
FN:121,(anonymous_6)
FN:126,(anonymous_7)
FN:130,(anonymous_8)
FN:141,(anonymous_9)
FN:144,(anonymous_10)
FN:147,(anonymous_11)
FN:155,(anonymous_12)
FN:168,(anonymous_13)
FN:180,(anonymous_14)
FN:193,(anonymous_15)
FN:200,(anonymous_16)
FN:203,(anonymous_17)
FN:209,(anonymous_18)
FN:216,(anonymous_19)
FN:221,(anonymous_20)
FN:228,(anonymous_21)
FN:232,(anonymous_22)
FN:236,(anonymous_23)
FN:237,(anonymous_24)
FN:243,(anonymous_25)
FN:253,(anonymous_26)
FN:254,(anonymous_27)
FN:260,(anonymous_28)
FN:270,(anonymous_29)
FN:275,(anonymous_30)
FN:281,(anonymous_31)
FNF:32
FNH:1
FNDA:1,(anonymous_0)
FNDA:0,(anonymous_1)
FNDA:0,(anonymous_2)
FNDA:0,(anonymous_3)
FNDA:0,(anonymous_4)
FNDA:0,(anonymous_5)
FNDA:0,(anonymous_6)
FNDA:0,(anonymous_7)
FNDA:0,(anonymous_8)
FNDA:0,(anonymous_9)
FNDA:0,(anonymous_10)
FNDA:0,(anonymous_11)
FNDA:0,(anonymous_12)
FNDA:0,(anonymous_13)
FNDA:0,(anonymous_14)
FNDA:0,(anonymous_15)
FNDA:0,(anonymous_16)
FNDA:0,(anonymous_17)
FNDA:0,(anonymous_18)
FNDA:0,(anonymous_19)
FNDA:0,(anonymous_20)
FNDA:0,(anonymous_21)
FNDA:0,(anonymous_22)
FNDA:0,(anonymous_23)
FNDA:0,(anonymous_24)
FNDA:0,(anonymous_25)
FNDA:0,(anonymous_26)
FNDA:0,(anonymous_27)
FNDA:0,(anonymous_28)
FNDA:0,(anonymous_29)
FNDA:0,(anonymous_30)
FNDA:0,(anonymous_31)
DA:1,1
DA:2,1
DA:9,1
DA:10,1
DA:14,1
DA:18,1
DA:19,1
DA:20,1
DA:21,1
DA:23,1
DA:25,1
DA:26,1
DA:28,1
DA:29,1
DA:32,0
DA:36,0
DA:37,0
DA:38,0
DA:41,0
DA:44,0
DA:76,0
DA:77,0
DA:78,0
DA:82,0
DA:84,0
DA:85,0
DA:87,0
DA:88,0
DA:90,0
DA:100,0
DA:101,0
DA:102,0
DA:108,0
DA:109,0
DA:110,0
DA:111,0
DA:113,0
DA:115,0
DA:116,0
DA:121,0
DA:122,0
DA:123,0
DA:126,0
DA:127,0
DA:130,0
DA:131,0
DA:132,0
DA:135,0
DA:136,0
DA:137,0
DA:142,0
DA:143,0
DA:145,0
DA:148,0
DA:151,0
DA:156,0
DA:157,0
DA:158,0
DA:164,0
DA:165,0
DA:168,0
DA:169,0
DA:170,0
DA:171,0
DA:175,0
DA:176,0
DA:181,0
DA:186,0
DA:187,0
DA:190,0
DA:194,0
DA:195,0
DA:197,0
DA:201,0
DA:203,0
DA:204,0
DA:205,0
DA:206,0
DA:209,0
DA:210,0
DA:212,0
DA:213,0
DA:216,0
DA:217,0
DA:218,0
DA:221,0
DA:222,0
DA:223,0
DA:229,0
DA:233,0
DA:237,0
DA:238,0
DA:239,0
DA:240,0
DA:243,0
DA:244,0
DA:245,0
DA:247,0
DA:254,0
DA:255,0
DA:256,0
DA:257,0
DA:260,0
DA:261,0
DA:262,0
DA:264,0
DA:275,0
DA:276,0
DA:277,0
DA:278,0
DA:281,0
DA:282,0
DA:283,0
DA:285,0
LF:114
LH:14
BRDA:28,0,0,1
BRDA:37,1,0,0
BRDA:41,2,0,0
BRDA:41,2,1,0
BRDA:77,3,0,0
BRDA:87,4,0,0
BRDA:93,5,0,0
BRDA:93,5,1,0
BRDA:100,6,0,0
BRDA:109,7,0,0
BRDA:142,8,0,0
BRDA:142,8,1,0
BRDA:164,9,0,0
BRDA:169,10,0,0
BRDA:183,11,0,0
BRDA:183,11,1,0
BRDA:186,12,0,0
BRDA:194,13,0,0
BRDA:204,14,0,0
BRDA:211,15,0,0
BRDA:211,15,1,0
BRDA:212,16,0,0
BRDA:229,17,0,0
BRDA:229,17,1,0
BRDA:238,18,0,0
BRDA:243,19,0,0
BRDA:243,19,1,0
BRDA:244,20,0,0
BRDA:244,20,1,0
BRDA:255,21,0,0
BRDA:261,22,0,0
BRDA:261,22,1,0
BRDA:276,23,0,0
BRDA:281,24,0,0
BRDA:281,24,1,0
BRDA:282,25,0,0
BRDA:282,25,1,0
BRF:37
BRH:1
end_of_record
TN:
SF:src/subjects/nats.subject.ts
FN:32,(anonymous_0)
FN:40,(anonymous_1)
FN:43,(anonymous_2)
FN:52,(anonymous_3)
FN:90,(anonymous_4)
FN:111,(anonymous_5)
FN:114,(anonymous_6)
FN:117,(anonymous_7)
FN:125,(anonymous_8)
FN:140,(anonymous_9)
FN:153,(anonymous_10)
FN:163,(anonymous_11)
FN:167,(anonymous_12)
FN:171,(anonymous_13)
FN:175,(anonymous_14)
FNF:15
FNH:1
FNDA:1,(anonymous_0)
FNDA:0,(anonymous_1)
FNDA:0,(anonymous_2)
FNDA:0,(anonymous_3)
FNDA:0,(anonymous_4)
FNDA:0,(anonymous_5)
FNDA:0,(anonymous_6)
FNDA:0,(anonymous_7)
FNDA:0,(anonymous_8)
FNDA:0,(anonymous_9)
FNDA:0,(anonymous_10)
FNDA:0,(anonymous_11)
FNDA:0,(anonymous_12)
FNDA:0,(anonymous_13)
FNDA:0,(anonymous_14)
DA:1,1
DA:2,1
DA:14,1
DA:15,1
DA:19,1
DA:23,1
DA:24,1
DA:25,1
DA:26,1
DA:27,1
DA:29,1
DA:32,1
DA:33,1
DA:35,1
DA:36,1
DA:39,0
DA:41,0
DA:44,0
DA:45,0
DA:49,0
DA:53,0
DA:54,0
DA:71,0
DA:72,0
DA:74,0
DA:76,0
DA:80,0
DA:82,0
DA:84,0
DA:85,0
DA:86,0
DA:91,0
DA:92,0
DA:93,0
DA:95,0
DA:96,0
DA:97,0
DA:99,0
DA:101,0
DA:102,0
DA:106,0
DA:107,0
DA:112,0
DA:113,0
DA:115,0
DA:118,0
DA:121,0
DA:126,0
DA:127,0
DA:128,0
DA:129,0
DA:131,0
DA:135,0
DA:136,0
DA:141,0
DA:146,0
DA:147,0
DA:150,0
DA:154,0
DA:155,0
DA:157,0
DA:158,0
DA:160,0
DA:164,0
DA:168,0
DA:172,0
DA:176,0
DA:177,0
LF:68
LH:15
BRDA:35,0,0,1
BRDA:59,1,0,0
BRDA:59,1,1,0
BRDA:61,2,0,0
BRDA:61,2,1,0
BRDA:62,3,0,0
BRDA:62,3,1,0
BRDA:63,4,0,0
BRDA:63,4,1,0
BRDA:64,5,0,0
BRDA:64,5,1,0
BRDA:65,6,0,0
BRDA:65,6,1,0
BRDA:66,7,0,0
BRDA:66,7,1,0
BRDA:67,8,0,0
BRDA:67,8,1,0
BRDA:68,9,0,0
BRDA:68,9,1,0
BRDA:71,10,0,0
BRDA:92,11,0,0
BRDA:112,12,0,0
BRDA:112,12,1,0
BRDA:128,13,0,0
BRDA:143,14,0,0
BRDA:143,14,1,0
BRDA:146,15,0,0
BRDA:154,16,0,0
BRDA:157,17,0,0
BRDA:176,18,0,0
BRF:30
BRH:1
end_of_record
TN:
SF:src/subjects/redis.subject.ts
FN:26,(anonymous_0)
FN:36,(anonymous_1)
FN:53,(anonymous_2)
FN:74,(anonymous_3)
FN:77,(anonymous_4)
FN:80,(anonymous_5)
FN:88,(anonymous_6)
FN:101,(anonymous_7)
FN:114,(anonymous_8)
FN:124,(anonymous_9)
FN:128,(anonymous_10)
FNF:11
FNH:1
FNDA:1,(anonymous_0)
FNDA:0,(anonymous_1)
FNDA:0,(anonymous_2)
FNDA:0,(anonymous_3)
FNDA:0,(anonymous_4)
FNDA:0,(anonymous_5)
FNDA:0,(anonymous_6)
FNDA:0,(anonymous_7)
FNDA:0,(anonymous_8)
FNDA:0,(anonymous_9)
FNDA:0,(anonymous_10)
DA:1,1
DA:2,1
DA:9,1
DA:10,1
DA:14,1
DA:18,1
DA:19,1
DA:20,1
DA:21,1
DA:22,1
DA:24,1
DA:26,1
DA:27,1
DA:29,1
DA:30,1
DA:33,0
DA:37,0
DA:38,0
DA:46,0
DA:47,0
DA:50,0
DA:51,0
DA:53,0
DA:54,0
DA:55,0
DA:57,0
DA:59,0
DA:60,0
DA:64,0
DA:66,0
DA:68,0
DA:69,0
DA:70,0
DA:75,0
DA:76,0
DA:78,0
DA:81,0
DA:84,0
DA:89,0
DA:90,0
DA:91,0
DA:92,0
DA:94,0
DA:96,0
DA:97,0
DA:102,0
DA:107,0
DA:108,0
DA:111,0
DA:115,0
DA:116,0
DA:118,0
DA:119,0
DA:121,0
DA:125,0
DA:129,0
LF:56
LH:15
BRDA:29,0,0,1
BRDA:39,1,0,0
BRDA:39,1,1,0
BRDA:40,2,0,0
BRDA:40,2,1,0
BRDA:41,3,0,0
BRDA:41,3,1,0
BRDA:42,4,0,0
BRDA:42,4,1,0
BRDA:43,5,0,0
BRDA:43,5,1,0
BRDA:46,6,0,0
BRDA:75,7,0,0
BRDA:75,7,1,0
BRDA:91,8,0,0
BRDA:107,9,0,0
BRDA:115,10,0,0
BRDA:118,11,0,0
BRF:18
BRH:1
end_of_record
TN:
SF:src/subjects/rmq.subject.ts
FN:31,(anonymous_0)
FN:45,(anonymous_1)
FN:54,(anonymous_2)
FN:60,(anonymous_3)
FN:66,(anonymous_4)
FN:71,(anonymous_5)
FN:120,(anonymous_6)
FN:122,(anonymous_7)
FN:143,(anonymous_8)
FN:150,(anonymous_9)
FN:191,(anonymous_10)
FN:194,(anonymous_11)
FN:197,(anonymous_12)
FN:205,(anonymous_13)
FN:237,(anonymous_14)
FN:250,(anonymous_15)
FN:252,(anonymous_16)
FN:255,(anonymous_17)
FN:264,(anonymous_18)
FN:271,(anonymous_19)
FN:282,(anonymous_20)
FN:289,(anonymous_21)
FN:296,(anonymous_22)
FN:303,(anonymous_23)
FN:317,(anonymous_24)
FN:332,(anonymous_25)
FN:343,(anonymous_26)
FN:356,(anonymous_27)
FN:366,(anonymous_28)
FN:377,(anonymous_29)
FN:388,(anonymous_30)
FN:399,(anonymous_31)
FNF:32
FNH:1
FNDA:1,(anonymous_0)
FNDA:0,(anonymous_1)
FNDA:0,(anonymous_2)
FNDA:0,(anonymous_3)
FNDA:0,(anonymous_4)
FNDA:0,(anonymous_5)
FNDA:0,(anonymous_6)
FNDA:0,(anonymous_7)
FNDA:0,(anonymous_8)
FNDA:0,(anonymous_9)
FNDA:0,(anonymous_10)
FNDA:0,(anonymous_11)
FNDA:0,(anonymous_12)
FNDA:0,(anonymous_13)
FNDA:0,(anonymous_14)
FNDA:0,(anonymous_15)
FNDA:0,(anonymous_16)
FNDA:0,(anonymous_17)
FNDA:0,(anonymous_18)
FNDA:0,(anonymous_19)
FNDA:0,(anonymous_20)
FNDA:0,(anonymous_21)
FNDA:0,(anonymous_22)
FNDA:0,(anonymous_23)
FNDA:0,(anonymous_24)
FNDA:0,(anonymous_25)
FNDA:0,(anonymous_26)
FNDA:0,(anonymous_27)
FNDA:0,(anonymous_28)
FNDA:0,(anonymous_29)
FNDA:0,(anonymous_30)
FNDA:0,(anonymous_31)
DA:1,1
DA:2,1
DA:11,1
DA:12,1
DA:16,1
DA:20,1
DA:21,1
DA:22,1
DA:23,1
DA:24,1
DA:29,1
DA:31,1
DA:32,1
DA:34,1
DA:35,1
DA:38,0
DA:39,0
DA:40,0
DA:42,0
DA:46,0
DA:47,0
DA:48,0
DA:49,0
DA:52,0
DA:54,0
DA:55,0
DA:56,0
DA:57,0
DA:60,0
DA:61,0
DA:64,0
DA:66,0
DA:67,0
DA:68,0
DA:71,0
DA:73,0
DA:74,0
DA:80,0
DA:81,0
DA:92,0
DA:93,0
DA:105,0
DA:106,0
DA:110,0
DA:112,0
DA:114,0
DA:115,0
DA:116,0
DA:121,0
DA:122,0
DA:123,0
DA:124,0
DA:127,0
DA:128,0
DA:129,0
DA:130,0
DA:131,0
DA:133,0
DA:136,0
DA:140,0
DA:144,0
DA:145,0
DA:146,0
DA:148,0
DA:151,0
DA:152,0
DA:153,0
DA:154,0
DA:156,0
DA:158,0
DA:159,0
DA:160,0
DA:162,0
DA:165,0
DA:167,0
DA:168,0
DA:169,0
DA:171,0
DA:174,0
DA:184,0
DA:186,0
DA:187,0
DA:192,0
DA:193,0
DA:195,0
DA:198,0
DA:201,0
DA:206,0
DA:207,0
DA:208,0
DA:213,0
DA:214,0
DA:217,0
DA:218,0
DA:222,0
DA:229,0
DA:232,0
DA:233,0
DA:238,0
DA:243,0
DA:244,0
DA:247,0
DA:251,0
DA:253,0
DA:256,0
DA:257,0
DA:265,0
DA:267,0
DA:268,0
DA:270,0
DA:271,0
DA:274,0
DA:275,0
DA:283,0
DA:290,0
DA:297,0
DA:309,0
DA:311,0
DA:312,0
DA:317,0
DA:318,0
DA:319,0
DA:321,0
DA:322,0
DA:329,0
DA:330,0
DA:332,0
DA:335,0
DA:348,0
DA:350,0
DA:351,0
DA:356,0
DA:357,0
DA:358,0
DA:360,0
DA:361,0
DA:363,0
DA:364,0
DA:366,0
DA:369,0
DA:378,0
DA:379,0
DA:381,0
DA:382,0
DA:389,0
DA:390,0
DA:392,0
DA:393,0
DA:400,0
DA:401,0
DA:402,0
DA:405,0
DA:406,0
DA:409,0
DA:410,0
DA:413,0
DA:415,0
LF:157
LH:15
BRDA:34,0,0,1
BRDA:38,1,0,0
BRDA:38,1,1,0
BRDA:39,2,0,0
BRDA:39,2,1,0
BRDA:40,3,0,0
BRDA:40,3,1,0
BRDA:48,4,0,0
BRDA:73,5,0,0
BRDA:76,6,0,0
BRDA:76,6,1,0
BRDA:80,7,0,0
BRDA:83,8,0,0
BRDA:83,8,1,0
BRDA:86,9,0,0
BRDA:86,9,1,0
BRDA:87,10,0,0
BRDA:87,10,1,0
BRDA:92,11,0,0
BRDA:95,12,0,0
BRDA:95,12,1,0
BRDA:96,13,0,0
BRDA:96,13,1,0
BRDA:105,14,0,0
BRDA:121,15,0,0
BRDA:121,16,0,0
BRDA:121,16,1,0
BRDA:123,17,0,0
BRDA:127,18,0,0
BRDA:127,18,1,0
BRDA:128,19,0,0
BRDA:128,19,1,0
BRDA:129,20,0,0
BRDA:129,20,1,0
BRDA:130,21,0,0
BRDA:130,21,1,0
BRDA:130,22,0,0
BRDA:130,22,1,0
BRDA:131,23,0,0
BRDA:131,23,1,0
BRDA:145,24,0,0
BRDA:151,25,0,0
BRDA:158,26,0,0
BRDA:159,27,0,0
BRDA:167,28,0,0
BRDA:168,29,0,0
BRDA:179,30,0,0
BRDA:179,30,1,0
BRDA:192,31,0,0
BRDA:192,31,1,0
BRDA:210,32,0,0
BRDA:210,32,1,0
BRDA:213,33,0,0
BRDA:217,34,0,0
BRDA:217,34,1,0
BRDA:218,35,0,0
BRDA:218,35,1,0
BRDA:240,36,0,0
BRDA:240,36,1,0
BRDA:243,37,0,0
BRDA:267,38,0,0
BRDA:267,38,1,0
BRDA:270,39,0,0
BRDA:270,39,1,0
BRDA:274,40,0,0
BRDA:311,41,0,0
BRDA:311,41,1,0
BRDA:318,42,0,0
BRDA:329,43,0,0
BRDA:329,43,1,0
BRDA:350,44,0,0
BRDA:350,44,1,0
BRDA:357,45,0,0
BRDA:363,46,0,0
BRDA:363,46,1,0
BRDA:378,47,0,0
BRDA:389,48,0,0
BRDA:401,49,0,0
BRDA:401,50,0,0
BRDA:401,50,1,0
BRDA:405,51,0,0
BRDA:409,52,0,0
BRF:82
BRH:1
end_of_record
